#
# There is insufficient memory for the Java Runtime Environment to continue.
# Native memory allocation (mmap) failed to map 134217728 bytes for G1 virtual space
# Possible reasons:
#   The system is out of physical RAM or swap space
#   The process is running with CompressedOops enabled, and the Java Heap may be blocking the growth of the native heap
# Possible solutions:
#   Reduce memory load on the system
#   Increase physical memory or swap space
#   Check if swap backing store is full
#   Decrease Java heap size (-Xmx/-Xms)
#   Decrease number of Java threads
#   Decrease Java thread stack sizes (-Xss)
#   Set larger code cache with -XX:ReservedCodeCacheSize=
#   JVM is running with Unscaled Compressed Oops mode in which the Java heap is
#     placed in the first 4GB address space. The Java Heap base address is the
#     maximum limit for the native heap growth. Please use -XX:HeapBaseMinAddress
#     to set the Java Heap base and to place the Java Heap above 4GB virtual address.
# This output file may be truncated or incomplete.
#
#  Out of Memory Error (os_windows.cpp:3466), pid=1060, tid=7012
#
# JRE version: Java(TM) SE Runtime Environment (16.0.1+9) (build 16.0.1+9-24)
# Java VM: Java HotSpot(TM) 64-Bit Server VM (16.0.1+9-24, mixed mode, sharing, tiered, compressed oops, compressed class ptrs, g1 gc, windows-amd64)
# No core dump will be written. Minidumps are not enabled by default on client versions of Windows
#

---------------  S U M M A R Y ------------

Command Line: -javaagent:C:\Program Files\JetBrains\IntelliJ IDEA Community Edition 2021.1.1\lib\idea_rt.jar=61457:C:\Program Files\JetBrains\IntelliJ IDEA Community Edition 2021.1.1\bin -Dfile.encoding=UTF-8 com.examportal.OnlineExamPortalApplication

Host: Intel(R) Core(TM) i7-4720HQ CPU @ 2.60GHz, 8 cores, 7G,  Windows 8.1 , 64 bit Build 9600 (6.3.9600.17056)
Time: Sat Mar 26 21:37:25 2022 India Standard Time elapsed time: 1.953565 seconds (0d 0h 0m 1s)

---------------  T H R E A D  ---------------

Current thread (0x000000226580d9e0):  VMThread "VM Thread" [stack: 0x0000002265a80000,0x0000002265b80000] [id=7012]

Stack: [0x0000002265a80000,0x0000002265b80000]
Native frames: (J=compiled Java code, j=interpreted, Vv=VM code, C=native code)
V  [jvm.dll+0x6687ca]
V  [jvm.dll+0x7ca3c9]
V  [jvm.dll+0x7cbb53]
V  [jvm.dll+0x7cc1b3]
V  [jvm.dll+0x242ea5]
V  [jvm.dll+0x665589]
V  [jvm.dll+0x65a175]
V  [jvm.dll+0x2fc5ab]
V  [jvm.dll+0x3037a6]
V  [jvm.dll+0x352fee]
V  [jvm.dll+0x35321f]
V  [jvm.dll+0x2d3618]
V  [jvm.dll+0x2d11a5]
V  [jvm.dll+0x2d07dc]
V  [jvm.dll+0x3158c2]
V  [jvm.dll+0x7d05eb]
V  [jvm.dll+0x7d12e4]
V  [jvm.dll+0x7d17e9]
V  [jvm.dll+0x7d1aa4]
V  [jvm.dll+0x7d1b70]
V  [jvm.dll+0x779b4a]
V  [jvm.dll+0x667666]
C  [ucrtbase.DLL+0x1d912]
C  [KERNEL32.DLL+0x16ad]
C  [ntdll.dll+0x6e954]

VM_Operation (0x0000002269c0cfa0): G1CollectForAllocation, mode: safepoint, requested by thread 0x00000022677cf010


---------------  P R O C E S S  ---------------

Threads class SMR info:
_java_thread_list=0x00000022687de710, length=17, elements={
0x0000002247536580, 0x0000002265816220, 0x0000002265816ff0, 0x000000226581fe60,
0x0000002265820770, 0x0000002265821180, 0x0000002265826fa0, 0x0000002265827c90,
0x00000022658306a0, 0x0000002265835400, 0x0000002266ed8790, 0x0000002267110740,
0x00000022670e2300, 0x00000022670f4a20, 0x00000022677cf010, 0x0000002268935db0,
0x0000002268c4adb0
}

Java Threads: ( => current thread )
  0x0000002247536580 JavaThread "main" [_thread_blocked, id=8660, stack(0x0000002246be0000,0x0000002246ce0000)]
  0x0000002265816220 JavaThread "Reference Handler" daemon [_thread_blocked, id=1944, stack(0x0000002266400000,0x0000002266500000)]
  0x0000002265816ff0 JavaThread "Finalizer" daemon [_thread_blocked, id=3036, stack(0x0000002266500000,0x0000002266600000)]
  0x000000226581fe60 JavaThread "Signal Dispatcher" daemon [_thread_blocked, id=10500, stack(0x0000002266760000,0x0000002266860000)]
  0x0000002265820770 JavaThread "Attach Listener" daemon [_thread_blocked, id=4712, stack(0x0000002266860000,0x0000002266960000)]
  0x0000002265821180 JavaThread "Service Thread" daemon [_thread_blocked, id=7968, stack(0x0000002266960000,0x0000002266a60000)]
  0x0000002265826fa0 JavaThread "Monitor Deflation Thread" daemon [_thread_blocked, id=11272, stack(0x0000002266a60000,0x0000002266b60000)]
  0x0000002265827c90 JavaThread "C2 CompilerThread0" daemon [_thread_blocked, id=8896, stack(0x0000002266b60000,0x0000002266c60000)]
  0x00000022658306a0 JavaThread "C1 CompilerThread0" daemon [_thread_blocked, id=6440, stack(0x0000002266c60000,0x0000002266d60000)]
  0x0000002265835400 JavaThread "Sweeper thread" daemon [_thread_blocked, id=11968, stack(0x0000002266d60000,0x0000002266e60000)]
  0x0000002266ed8790 JavaThread "Common-Cleaner" daemon [_thread_blocked, id=9828, stack(0x0000002267260000,0x0000002267360000)]
  0x0000002267110740 JavaThread "Monitor Ctrl-Break" daemon [_thread_in_native, id=10876, stack(0x0000002267b60000,0x0000002267c60000)]
  0x00000022670e2300 JavaThread "Notification Thread" daemon [_thread_blocked, id=7836, stack(0x0000002267c60000,0x0000002267d60000)]
  0x00000022670f4a20 JavaThread "Thread-0" [_thread_blocked, id=9516, stack(0x0000002269910000,0x0000002269a10000)]
  0x00000022677cf010 JavaThread "restartedMain" [_thread_blocked, id=6532, stack(0x0000002269b10000,0x0000002269c10000)]
  0x0000002268935db0 JavaThread "C2 CompilerThread1" daemon [_thread_blocked, id=12544, stack(0x0000002268240000,0x0000002268340000)]
  0x0000002268c4adb0 JavaThread "C2 CompilerThread2" daemon [_thread_blocked, id=4952, stack(0x0000002269ef0000,0x0000002269ff0000)]

Other Threads:
=>0x000000226580d9e0 VMThread "VM Thread" [stack: 0x0000002265a80000,0x0000002265b80000] [id=7012]
  0x00000022672533b0 WatcherThread [stack: 0x0000002267d60000,0x0000002267e60000] [id=8056]
  0x0000002247577ee0 GCTaskThread "GC Thread#0" [stack: 0x0000002262b00000,0x0000002262c00000] [id=9724]
  0x00000022688f8d20 GCTaskThread "GC Thread#1" [stack: 0x0000002269410000,0x0000002269510000] [id=4480]
  0x0000002268e00c50 GCTaskThread "GC Thread#2" [stack: 0x0000002269510000,0x0000002269610000] [id=11860]
  0x00000022686583f0 GCTaskThread "GC Thread#3" [stack: 0x0000002269610000,0x0000002269710000] [id=10740]
  0x0000002268915020 GCTaskThread "GC Thread#4" [stack: 0x0000002269710000,0x0000002269810000] [id=5184]
  0x0000002268915330 GCTaskThread "GC Thread#5" [stack: 0x0000002269810000,0x0000002269910000] [id=5768]
  0x0000002268c67a50 GCTaskThread "GC Thread#6" [stack: 0x0000002268340000,0x0000002268440000] [id=7124]
  0x0000002268b4aaa0 GCTaskThread "GC Thread#7" [stack: 0x000000226b7d0000,0x000000226b8d0000] [id=12332]
  0x0000002247589c00 ConcurrentGCThread "G1 Main Marker" [stack: 0x0000002262c00000,0x0000002262d00000] [id=11368]
  0x000000224758b1c0 ConcurrentGCThread "G1 Conc#0" [stack: 0x0000002262d00000,0x0000002262e00000] [id=5796]
  0x00000022475dddd0 ConcurrentGCThread "G1 Refine#0" [stack: 0x0000002265880000,0x0000002265980000] [id=4740]
  0x00000022475de760 ConcurrentGCThread "G1 Service" [stack: 0x0000002265980000,0x0000002265a80000] [id=13044]

Threads with active compile tasks:
C2 CompilerThread0     2127 2322       4       org.springframework.asm.ClassReader::<init> (371 bytes)
C2 CompilerThread1     2128 2240       4       org.springframework.asm.ClassReader::readMethod (1055 bytes)
C2 CompilerThread2     2128 2296   !   4       java.util.jar.Attributes::read (530 bytes)

VM state: at safepoint (normal execution)

VM Mutex/Monitor currently owned by a thread:  ([mutex/lock_event])
[0x0000002247534410] Threads_lock - owner thread: 0x000000226580d9e0
[0x0000002247533600] Heap_lock - owner thread: 0x00000022677cf010

Heap address: 0x0000000081a00000, size: 2022 MB, Compressed Oops mode: 32-bit

CDS archive(s) mapped at: [0x0000000800000000-0x0000000800bb0000-0x0000000800bb0000), size 12255232, SharedBaseAddress: 0x0000000800000000, ArchiveRelocationMode: 0.
Compressed class space mapped at: 0x0000000800c00000-0x0000000840c00000, reserved size: 1073741824
Narrow klass base: 0x0000000800000000, Narrow klass shift: 3, Narrow klass range: 0x100000000

GC Precious Log:
 CPUs: 8 total, 8 available
 Memory: 8080M
 Large Page Support: Disabled
 NUMA Support: Disabled
 Compressed Oops: Enabled (32-bit)
 Heap Region Size: 1M
 Heap Min Capacity: 8M
 Heap Initial Capacity: 128M
 Heap Max Capacity: 2022M
 Pre-touch: Disabled
 Parallel Workers: 8
 Concurrent Workers: 2
 Concurrent Refinement Workers: 8
 Periodic GC: Disabled

Heap:
 garbage-first heap   total 131072K, used 10791K [0x0000000081a00000, 0x0000000100000000)
  region size 1024K, 5 young (5120K), 5 survivors (5120K)
 Metaspace       used 15779K, committed 16064K, reserved 1064960K
  class space    used 1863K, committed 1984K, reserved 1048576K

Heap Regions: E=young(eden), S=young(survivor), O=old, HS=humongous(starts), HC=humongous(continues), CS=collection set, F=free, OA=open archive, CA=closed archive, TAMS=top-at-mark-start (previous, next)
|   0|0x0000000081a00000, 0x0000000081b00000, 0x0000000081b00000|100%|HS|  |TAMS 0x0000000081a00000, 0x0000000081a00000| Complete 
|   1|0x0000000081b00000, 0x0000000081c00000, 0x0000000081c00000|100%| O|  |TAMS 0x0000000081b00000, 0x0000000081b00000| Untracked 
|   2|0x0000000081c00000, 0x0000000081d00000, 0x0000000081d00000|100%| O|  |TAMS 0x0000000081c00000, 0x0000000081c00000| Untracked 
|   3|0x0000000081d00000, 0x0000000081e00000, 0x0000000081e00000|100%| O|  |TAMS 0x0000000081d00000, 0x0000000081d00000| Untracked 
|   4|0x0000000081e00000, 0x0000000081f00000, 0x0000000081f00000|100%| O|  |TAMS 0x0000000081e00000, 0x0000000081e00000| Untracked 
|   5|0x0000000081f00000, 0x0000000082000000, 0x0000000082000000|100%| O|  |TAMS 0x0000000081f00000, 0x0000000081f00000| Untracked 
|   6|0x0000000082000000, 0x000000008206c200, 0x0000000082100000| 42%| O|  |TAMS 0x0000000082000000, 0x0000000082000000| Untracked 
|   7|0x0000000082100000, 0x0000000082100000, 0x0000000082200000|  0%| F|  |TAMS 0x0000000082100000, 0x0000000082100000| Untracked 
|   8|0x0000000082200000, 0x0000000082200000, 0x0000000082300000|  0%| F|  |TAMS 0x0000000082200000, 0x0000000082200000| Untracked 
|   9|0x0000000082300000, 0x0000000082300000, 0x0000000082400000|  0%| F|  |TAMS 0x0000000082300000, 0x0000000082300000| Untracked 
|  10|0x0000000082400000, 0x0000000082400000, 0x0000000082500000|  0%| F|  |TAMS 0x0000000082400000, 0x0000000082400000| Untracked 
|  11|0x0000000082500000, 0x0000000082500000, 0x0000000082600000|  0%| F|  |TAMS 0x0000000082500000, 0x0000000082500000| Untracked 
|  12|0x0000000082600000, 0x0000000082600000, 0x0000000082700000|  0%| F|  |TAMS 0x0000000082600000, 0x0000000082600000| Untracked 
|  13|0x0000000082700000, 0x0000000082700000, 0x0000000082800000|  0%| F|  |TAMS 0x0000000082700000, 0x0000000082700000| Untracked 
|  14|0x0000000082800000, 0x0000000082800000, 0x0000000082900000|  0%| F|  |TAMS 0x0000000082800000, 0x0000000082800000| Untracked 
|  15|0x0000000082900000, 0x0000000082900000, 0x0000000082a00000|  0%| F|  |TAMS 0x0000000082900000, 0x0000000082900000| Untracked 
|  16|0x0000000082a00000, 0x0000000082a00000, 0x0000000082b00000|  0%| F|  |TAMS 0x0000000082a00000, 0x0000000082a00000| Untracked 
|  17|0x0000000082b00000, 0x0000000082b00000, 0x0000000082c00000|  0%| F|  |TAMS 0x0000000082b00000, 0x0000000082b00000| Untracked 
|  18|0x0000000082c00000, 0x0000000082c00000, 0x0000000082d00000|  0%| F|  |TAMS 0x0000000082c00000, 0x0000000082c00000| Untracked 
|  19|0x0000000082d00000, 0x0000000082d00000, 0x0000000082e00000|  0%| F|  |TAMS 0x0000000082d00000, 0x0000000082d00000| Untracked 
|  20|0x0000000082e00000, 0x0000000082e00000, 0x0000000082f00000|  0%| F|  |TAMS 0x0000000082e00000, 0x0000000082e00000| Untracked 
|  21|0x0000000082f00000, 0x0000000082f00000, 0x0000000083000000|  0%| F|  |TAMS 0x0000000082f00000, 0x0000000082f00000| Untracked 
|  22|0x0000000083000000, 0x0000000083000000, 0x0000000083100000|  0%| F|  |TAMS 0x0000000083000000, 0x0000000083000000| Untracked 
|  23|0x0000000083100000, 0x0000000083100000, 0x0000000083200000|  0%| F|  |TAMS 0x0000000083100000, 0x0000000083100000| Untracked 
|  24|0x0000000083200000, 0x0000000083200000, 0x0000000083300000|  0%| F|  |TAMS 0x0000000083200000, 0x0000000083200000| Untracked 
|  25|0x0000000083300000, 0x0000000083300000, 0x0000000083400000|  0%| F|  |TAMS 0x0000000083300000, 0x0000000083300000| Untracked 
|  26|0x0000000083400000, 0x0000000083400000, 0x0000000083500000|  0%| F|  |TAMS 0x0000000083400000, 0x0000000083400000| Untracked 
|  27|0x0000000083500000, 0x0000000083500000, 0x0000000083600000|  0%| F|  |TAMS 0x0000000083500000, 0x0000000083500000| Untracked 
|  28|0x0000000083600000, 0x0000000083600000, 0x0000000083700000|  0%| F|  |TAMS 0x0000000083600000, 0x0000000083600000| Untracked 
|  29|0x0000000083700000, 0x0000000083700000, 0x0000000083800000|  0%| F|  |TAMS 0x0000000083700000, 0x0000000083700000| Untracked 
|  30|0x0000000083800000, 0x0000000083800000, 0x0000000083900000|  0%| F|  |TAMS 0x0000000083800000, 0x0000000083800000| Untracked 
|  31|0x0000000083900000, 0x0000000083900000, 0x0000000083a00000|  0%| F|  |TAMS 0x0000000083900000, 0x0000000083900000| Untracked 
|  32|0x0000000083a00000, 0x0000000083a00000, 0x0000000083b00000|  0%| F|  |TAMS 0x0000000083a00000, 0x0000000083a00000| Untracked 
|  33|0x0000000083b00000, 0x0000000083b00000, 0x0000000083c00000|  0%| F|  |TAMS 0x0000000083b00000, 0x0000000083b00000| Untracked 
|  34|0x0000000083c00000, 0x0000000083c00000, 0x0000000083d00000|  0%| F|  |TAMS 0x0000000083c00000, 0x0000000083c00000| Untracked 
|  35|0x0000000083d00000, 0x0000000083d00000, 0x0000000083e00000|  0%| F|  |TAMS 0x0000000083d00000, 0x0000000083d00000| Untracked 
|  36|0x0000000083e00000, 0x0000000083e00000, 0x0000000083f00000|  0%| F|  |TAMS 0x0000000083e00000, 0x0000000083e00000| Untracked 
|  37|0x0000000083f00000, 0x0000000083f00000, 0x0000000084000000|  0%| F|  |TAMS 0x0000000083f00000, 0x0000000083f00000| Untracked 
|  38|0x0000000084000000, 0x0000000084000000, 0x0000000084100000|  0%| F|  |TAMS 0x0000000084000000, 0x0000000084000000| Untracked 
|  39|0x0000000084100000, 0x0000000084100000, 0x0000000084200000|  0%| F|  |TAMS 0x0000000084100000, 0x0000000084100000| Untracked 
|  40|0x0000000084200000, 0x0000000084200000, 0x0000000084300000|  0%| F|  |TAMS 0x0000000084200000, 0x0000000084200000| Untracked 
|  41|0x0000000084300000, 0x0000000084300000, 0x0000000084400000|  0%| F|  |TAMS 0x0000000084300000, 0x0000000084300000| Untracked 
|  42|0x0000000084400000, 0x0000000084400000, 0x0000000084500000|  0%| F|  |TAMS 0x0000000084400000, 0x0000000084400000| Untracked 
|  43|0x0000000084500000, 0x0000000084500000, 0x0000000084600000|  0%| F|  |TAMS 0x0000000084500000, 0x0000000084500000| Untracked 
|  44|0x0000000084600000, 0x0000000084600000, 0x0000000084700000|  0%| F|  |TAMS 0x0000000084600000, 0x0000000084600000| Untracked 
|  45|0x0000000084700000, 0x0000000084700000, 0x0000000084800000|  0%| F|  |TAMS 0x0000000084700000, 0x0000000084700000| Untracked 
|  46|0x0000000084800000, 0x0000000084800000, 0x0000000084900000|  0%| F|  |TAMS 0x0000000084800000, 0x0000000084800000| Untracked 
|  47|0x0000000084900000, 0x000000008491dd28, 0x0000000084a00000| 11%| S|CS|TAMS 0x0000000084900000, 0x0000000084900000| Complete 
|  48|0x0000000084a00000, 0x0000000084b00000, 0x0000000084b00000|100%| S|CS|TAMS 0x0000000084a00000, 0x0000000084a00000| Complete 
|  49|0x0000000084b00000, 0x0000000084c00000, 0x0000000084c00000|100%| S|CS|TAMS 0x0000000084b00000, 0x0000000084b00000| Complete 
|  50|0x0000000084c00000, 0x0000000084d00000, 0x0000000084d00000|100%| S|CS|TAMS 0x0000000084c00000, 0x0000000084c00000| Complete 
|  51|0x0000000084d00000, 0x0000000084e00000, 0x0000000084e00000|100%| S|CS|TAMS 0x0000000084d00000, 0x0000000084d00000| Complete 
|  52|0x0000000084e00000, 0x0000000084e00000, 0x0000000084f00000|  0%| F|  |TAMS 0x0000000084e00000, 0x0000000084e00000| Untracked 
|  53|0x0000000084f00000, 0x0000000084f00000, 0x0000000085000000|  0%| F|  |TAMS 0x0000000084f00000, 0x0000000084f00000| Untracked 
|  54|0x0000000085000000, 0x0000000085000000, 0x0000000085100000|  0%| F|  |TAMS 0x0000000085000000, 0x0000000085000000| Untracked 
|  55|0x0000000085100000, 0x0000000085100000, 0x0000000085200000|  0%| F|  |TAMS 0x0000000085100000, 0x0000000085100000| Untracked 
|  56|0x0000000085200000, 0x0000000085200000, 0x0000000085300000|  0%| F|  |TAMS 0x0000000085200000, 0x0000000085200000| Untracked 
|  57|0x0000000085300000, 0x0000000085300000, 0x0000000085400000|  0%| F|  |TAMS 0x0000000085300000, 0x0000000085300000| Untracked 
|  58|0x0000000085400000, 0x0000000085400000, 0x0000000085500000|  0%| F|  |TAMS 0x0000000085400000, 0x0000000085400000| Untracked 
|  59|0x0000000085500000, 0x0000000085500000, 0x0000000085600000|  0%| F|  |TAMS 0x0000000085500000, 0x0000000085500000| Untracked 
|  60|0x0000000085600000, 0x0000000085600000, 0x0000000085700000|  0%| F|  |TAMS 0x0000000085600000, 0x0000000085600000| Untracked 
|  61|0x0000000085700000, 0x0000000085700000, 0x0000000085800000|  0%| F|  |TAMS 0x0000000085700000, 0x0000000085700000| Untracked 
|  62|0x0000000085800000, 0x0000000085800000, 0x0000000085900000|  0%| F|  |TAMS 0x0000000085800000, 0x0000000085800000| Untracked 
|  63|0x0000000085900000, 0x0000000085900000, 0x0000000085a00000|  0%| F|  |TAMS 0x0000000085900000, 0x0000000085900000| Untracked 
|  64|0x0000000085a00000, 0x0000000085a00000, 0x0000000085b00000|  0%| F|  |TAMS 0x0000000085a00000, 0x0000000085a00000| Untracked 
|  65|0x0000000085b00000, 0x0000000085b00000, 0x0000000085c00000|  0%| F|  |TAMS 0x0000000085b00000, 0x0000000085b00000| Untracked 
|  66|0x0000000085c00000, 0x0000000085c00000, 0x0000000085d00000|  0%| F|  |TAMS 0x0000000085c00000, 0x0000000085c00000| Untracked 
|  67|0x0000000085d00000, 0x0000000085d00000, 0x0000000085e00000|  0%| F|  |TAMS 0x0000000085d00000, 0x0000000085d00000| Untracked 
|  68|0x0000000085e00000, 0x0000000085e00000, 0x0000000085f00000|  0%| F|  |TAMS 0x0000000085e00000, 0x0000000085e00000| Untracked 
|  69|0x0000000085f00000, 0x0000000085f00000, 0x0000000086000000|  0%| F|  |TAMS 0x0000000085f00000, 0x0000000085f00000| Untracked 
|  70|0x0000000086000000, 0x0000000086000000, 0x0000000086100000|  0%| F|  |TAMS 0x0000000086000000, 0x0000000086000000| Untracked 
|  71|0x0000000086100000, 0x0000000086100000, 0x0000000086200000|  0%| F|  |TAMS 0x0000000086100000, 0x0000000086100000| Untracked 
|  72|0x0000000086200000, 0x0000000086200000, 0x0000000086300000|  0%| F|  |TAMS 0x0000000086200000, 0x0000000086200000| Untracked 
|  73|0x0000000086300000, 0x0000000086300000, 0x0000000086400000|  0%| F|  |TAMS 0x0000000086300000, 0x0000000086300000| Untracked 
|  74|0x0000000086400000, 0x0000000086400000, 0x0000000086500000|  0%| F|  |TAMS 0x0000000086400000, 0x0000000086400000| Untracked 
|  75|0x0000000086500000, 0x0000000086500000, 0x0000000086600000|  0%| F|  |TAMS 0x0000000086500000, 0x0000000086500000| Untracked 
|  76|0x0000000086600000, 0x0000000086600000, 0x0000000086700000|  0%| F|  |TAMS 0x0000000086600000, 0x0000000086600000| Untracked 
|  77|0x0000000086700000, 0x0000000086700000, 0x0000000086800000|  0%| F|  |TAMS 0x0000000086700000, 0x0000000086700000| Untracked 
|  78|0x0000000086800000, 0x0000000086800000, 0x0000000086900000|  0%| F|  |TAMS 0x0000000086800000, 0x0000000086800000| Untracked 
|  79|0x0000000086900000, 0x0000000086900000, 0x0000000086a00000|  0%| F|  |TAMS 0x0000000086900000, 0x0000000086900000| Untracked 
|  80|0x0000000086a00000, 0x0000000086a00000, 0x0000000086b00000|  0%| F|  |TAMS 0x0000000086a00000, 0x0000000086a00000| Untracked 
|  81|0x0000000086b00000, 0x0000000086b00000, 0x0000000086c00000|  0%| F|  |TAMS 0x0000000086b00000, 0x0000000086b00000| Untracked 
|  82|0x0000000086c00000, 0x0000000086c00000, 0x0000000086d00000|  0%| F|  |TAMS 0x0000000086c00000, 0x0000000086c00000| Untracked 
|  83|0x0000000086d00000, 0x0000000086d00000, 0x0000000086e00000|  0%| F|  |TAMS 0x0000000086d00000, 0x0000000086d00000| Untracked 
|  84|0x0000000086e00000, 0x0000000086e00000, 0x0000000086f00000|  0%| F|  |TAMS 0x0000000086e00000, 0x0000000086e00000| Untracked 
|  85|0x0000000086f00000, 0x0000000086f00000, 0x0000000087000000|  0%| F|  |TAMS 0x0000000086f00000, 0x0000000086f00000| Untracked 
|  86|0x0000000087000000, 0x0000000087000000, 0x0000000087100000|  0%| F|  |TAMS 0x0000000087000000, 0x0000000087000000| Untracked 
|  87|0x0000000087100000, 0x0000000087100000, 0x0000000087200000|  0%| F|  |TAMS 0x0000000087100000, 0x0000000087100000| Untracked 
|  88|0x0000000087200000, 0x0000000087200000, 0x0000000087300000|  0%| F|  |TAMS 0x0000000087200000, 0x0000000087200000| Untracked 
|  89|0x0000000087300000, 0x0000000087300000, 0x0000000087400000|  0%| F|  |TAMS 0x0000000087300000, 0x0000000087300000| Untracked 
|  90|0x0000000087400000, 0x0000000087400000, 0x0000000087500000|  0%| F|  |TAMS 0x0000000087400000, 0x0000000087400000| Untracked 
|  91|0x0000000087500000, 0x0000000087500000, 0x0000000087600000|  0%| F|  |TAMS 0x0000000087500000, 0x0000000087500000| Untracked 
|  92|0x0000000087600000, 0x0000000087600000, 0x0000000087700000|  0%| F|  |TAMS 0x0000000087600000, 0x0000000087600000| Untracked 
|  93|0x0000000087700000, 0x0000000087700000, 0x0000000087800000|  0%| F|  |TAMS 0x0000000087700000, 0x0000000087700000| Untracked 
|  94|0x0000000087800000, 0x0000000087800000, 0x0000000087900000|  0%| F|  |TAMS 0x0000000087800000, 0x0000000087800000| Untracked 
|  95|0x0000000087900000, 0x0000000087900000, 0x0000000087a00000|  0%| F|  |TAMS 0x0000000087900000, 0x0000000087900000| Untracked 
|  96|0x0000000087a00000, 0x0000000087a00000, 0x0000000087b00000|  0%| F|  |TAMS 0x0000000087a00000, 0x0000000087a00000| Untracked 
|  97|0x0000000087b00000, 0x0000000087b00000, 0x0000000087c00000|  0%| F|  |TAMS 0x0000000087b00000, 0x0000000087b00000| Untracked 
|  98|0x0000000087c00000, 0x0000000087c00000, 0x0000000087d00000|  0%| F|  |TAMS 0x0000000087c00000, 0x0000000087c00000| Untracked 
|  99|0x0000000087d00000, 0x0000000087d00000, 0x0000000087e00000|  0%| F|  |TAMS 0x0000000087d00000, 0x0000000087d00000| Untracked 
| 100|0x0000000087e00000, 0x0000000087e00000, 0x0000000087f00000|  0%| F|  |TAMS 0x0000000087e00000, 0x0000000087e00000| Untracked 
| 101|0x0000000087f00000, 0x0000000087f00000, 0x0000000088000000|  0%| F|  |TAMS 0x0000000087f00000, 0x0000000087f00000| Untracked 
| 102|0x0000000088000000, 0x0000000088000000, 0x0000000088100000|  0%| F|  |TAMS 0x0000000088000000, 0x0000000088000000| Untracked 
| 103|0x0000000088100000, 0x0000000088100000, 0x0000000088200000|  0%| F|  |TAMS 0x0000000088100000, 0x0000000088100000| Untracked 
| 104|0x0000000088200000, 0x0000000088200000, 0x0000000088300000|  0%| F|  |TAMS 0x0000000088200000, 0x0000000088200000| Untracked 
| 105|0x0000000088300000, 0x0000000088300000, 0x0000000088400000|  0%| F|  |TAMS 0x0000000088300000, 0x0000000088300000| Untracked 
| 106|0x0000000088400000, 0x0000000088400000, 0x0000000088500000|  0%| F|  |TAMS 0x0000000088400000, 0x0000000088400000| Untracked 
| 107|0x0000000088500000, 0x0000000088500000, 0x0000000088600000|  0%| F|  |TAMS 0x0000000088500000, 0x0000000088500000| Untracked 
| 108|0x0000000088600000, 0x0000000088600000, 0x0000000088700000|  0%| F|  |TAMS 0x0000000088600000, 0x0000000088600000| Untracked 
| 109|0x0000000088700000, 0x0000000088700000, 0x0000000088800000|  0%| F|  |TAMS 0x0000000088700000, 0x0000000088700000| Untracked 
| 110|0x0000000088800000, 0x0000000088800000, 0x0000000088900000|  0%| F|  |TAMS 0x0000000088800000, 0x0000000088800000| Untracked 
| 111|0x0000000088900000, 0x0000000088900000, 0x0000000088a00000|  0%| F|  |TAMS 0x0000000088900000, 0x0000000088900000| Untracked 
| 112|0x0000000088a00000, 0x0000000088a00000, 0x0000000088b00000|  0%| F|  |TAMS 0x0000000088a00000, 0x0000000088a00000| Untracked 
| 113|0x0000000088b00000, 0x0000000088b00000, 0x0000000088c00000|  0%| F|  |TAMS 0x0000000088b00000, 0x0000000088b00000| Untracked 
| 114|0x0000000088c00000, 0x0000000088c00000, 0x0000000088d00000|  0%| F|  |TAMS 0x0000000088c00000, 0x0000000088c00000| Untracked 
| 115|0x0000000088d00000, 0x0000000088d00000, 0x0000000088e00000|  0%| F|  |TAMS 0x0000000088d00000, 0x0000000088d00000| Untracked 
| 116|0x0000000088e00000, 0x0000000088e00000, 0x0000000088f00000|  0%| F|  |TAMS 0x0000000088e00000, 0x0000000088e00000| Untracked 
| 117|0x0000000088f00000, 0x0000000088f00000, 0x0000000089000000|  0%| F|  |TAMS 0x0000000088f00000, 0x0000000088f00000| Untracked 
| 118|0x0000000089000000, 0x0000000089000000, 0x0000000089100000|  0%| F|  |TAMS 0x0000000089000000, 0x0000000089000000| Untracked 
| 119|0x0000000089100000, 0x0000000089100000, 0x0000000089200000|  0%| F|  |TAMS 0x0000000089100000, 0x0000000089100000| Untracked 
| 120|0x0000000089200000, 0x0000000089200000, 0x0000000089300000|  0%| F|  |TAMS 0x0000000089200000, 0x0000000089200000| Untracked 
| 121|0x0000000089300000, 0x0000000089300000, 0x0000000089400000|  0%| F|  |TAMS 0x0000000089300000, 0x0000000089300000| Untracked 
| 122|0x0000000089400000, 0x0000000089400000, 0x0000000089500000|  0%| F|  |TAMS 0x0000000089400000, 0x0000000089400000| Untracked 
| 123|0x0000000089500000, 0x0000000089500000, 0x0000000089600000|  0%| F|  |TAMS 0x0000000089500000, 0x0000000089500000| Untracked 
| 124|0x0000000089600000, 0x0000000089600000, 0x0000000089700000|  0%| F|  |TAMS 0x0000000089600000, 0x0000000089600000| Untracked 
| 125|0x0000000089700000, 0x0000000089700000, 0x0000000089800000|  0%| F|  |TAMS 0x0000000089700000, 0x0000000089700000| Untracked 
| 126|0x0000000089800000, 0x0000000089800000, 0x0000000089900000|  0%| F|  |TAMS 0x0000000089800000, 0x0000000089800000| Untracked 
| 127|0x0000000089900000, 0x0000000089900000, 0x0000000089a00000|  0%| F|  |TAMS 0x0000000089900000, 0x0000000089900000| Untracked 

Card table byte_map: [0x000000225e3c0000,0x000000225e7c0000] _byte_map_base: 0x000000225dfb3000

Marking Bits (Prev, Next): (CMBitMap*) 0x00000022475794f0, (CMBitMap*) 0x0000002247579530
 Prev Bits: [0x000000225ebc0000, 0x0000002260b58000)
 Next Bits: [0x0000002260b60000, 0x0000002262af8000)

Polling page: 0x00000022453e0000

Metaspace:

Usage:
  Non-class:     13.59 MB used.
      Class:      1.82 MB used.
       Both:     15.41 MB used.

Virtual space:
  Non-class space:       16.00 MB reserved,      13.75 MB ( 86%) committed,  2 nodes.
      Class space:        1.00 GB reserved,       1.94 MB ( <1%) committed,  1 nodes.
              Both:        1.02 GB reserved,      15.69 MB (  2%) committed. 

Chunk freelists:
   Non-Class:  1.92 MB
       Class:  2.07 MB
        Both:  4.00 MB

MaxMetaspaceSize: 17179869184.00 GB
CompressedClassSpaceSize: 1.00 GB
 - commit_granule_bytes: 65536.
 - commit_granule_words: 8192.
 - virtual_space_node_default_size: 1048576.
 - enlarge_chunks_in_place: 1.
 - new_chunks_are_fully_committed: 0.
 - uncommit_free_chunks: 1.
 - use_allocation_guard: 0.
 - handle_deallocations: 1.


Internal statistics:

num_allocs_failed_limit: 0.
num_arena_births: 184.
num_arena_deaths: 0.
num_vsnodes_births: 3.
num_vsnodes_deaths: 0.
num_space_committed: 251.
num_space_uncommitted: 0.
num_chunks_returned_to_freelist: 0.
num_chunks_taken_from_freelist: 645.
num_chunk_merges: 0.
num_chunk_splits: 456.
num_chunks_enlarged: 373.
num_purges: 0.

CodeHeap 'non-profiled nmethods': size=120000Kb used=1067Kb max_used=1067Kb free=118932Kb
 bounds [0x0000002256750000, 0x00000022569c0000, 0x000000225dc80000]
CodeHeap 'profiled nmethods': size=120000Kb used=4659Kb max_used=4659Kb free=115340Kb
 bounds [0x000000224f220000, 0x000000224f6b0000, 0x0000002256750000]
CodeHeap 'non-nmethods': size=5760Kb used=1203Kb max_used=1256Kb free=4556Kb
 bounds [0x000000224ec80000, 0x000000224eef0000, 0x000000224f220000]
 total_blobs=2804 nmethods=2309 adapters=407
 compilation: enabled
              stopped_count=0, restarted_count=0
 full_count=0

Compilation events (20 events):
Event: 1.850 Thread 0x00000022658306a0 2311       3       java.util.LinkedHashMap::keysToArray (38 bytes)
Event: 1.851 Thread 0x00000022658306a0 nmethod 2311 0x000000224f6a9510 code [0x000000224f6a96c0, 0x000000224f6a9a58]
Event: 1.851 Thread 0x0000002265827c90 nmethod 2309% 0x0000002256857590 code [0x0000002256857740, 0x0000002256857ca8]
Event: 1.852 Thread 0x0000002265827c90 2251 %     4       sun.nio.fs.WindowsPathParser::normalize @ 18 (233 bytes)
Event: 1.852 Thread 0x00000022658306a0 2312       3       org.springframework.util.ConcurrentReferenceHashMap$ReferenceManager::createReference (43 bytes)
Event: 1.853 Thread 0x00000022658306a0 nmethod 2312 0x000000224f6a9b90 code [0x000000224f6a9d80, 0x000000224f6aa328]
Event: 1.853 Thread 0x00000022658306a0 2313       3       org.springframework.util.ConcurrentReferenceHashMap$SoftEntryReference::<init> (18 bytes)
Event: 1.853 Thread 0x00000022658306a0 nmethod 2313 0x000000224f6aa510 code [0x000000224f6aa6e0, 0x000000224f6aaa98]
Event: 1.853 Thread 0x00000022658306a0 2314       3       org.springframework.util.ConcurrentReferenceHashMap$Segment::createReferenceArray (5 bytes)
Event: 1.853 Thread 0x00000022658306a0 nmethod 2314 0x000000224f6aac10 code [0x000000224f6aada0, 0x000000224f6aaf58]
Event: 1.864 Thread 0x00000022658306a0 2318       3       org.springframework.core.type.classreading.SimpleMethodMetadataReadingVisitor::getSource (36 bytes)
Event: 1.865 Thread 0x00000022658306a0 nmethod 2318 0x000000224f6ab010 code [0x000000224f6ab1c0, 0x000000224f6ab5b8]
Event: 1.865 Thread 0x00000022658306a0 2319       3       org.springframework.core.type.classreading.SimpleMethodMetadataReadingVisitor::visitAnnotation (28 bytes)
Event: 1.866 Thread 0x00000022658306a0 nmethod 2319 0x000000224f6ab690 code [0x000000224f6ab8a0, 0x000000224f6abf88]
Event: 1.866 Thread 0x00000022658306a0 2320       3       org.springframework.core.type.classreading.SimpleMethodMetadataReadingVisitor$Source::<init> (20 bytes)
Event: 1.866 Thread 0x00000022658306a0 nmethod 2320 0x000000224f6ac210 code [0x000000224f6ac3c0, 0x000000224f6ac638]
Event: 1.868 Thread 0x00000022658306a0 2321       3       sun.net.www.protocol.jar.URLJarFile::<init> (32 bytes)
Event: 1.868 Thread 0x00000022658306a0 nmethod 2321 0x000000224f6ac710 code [0x000000224f6ac8e0, 0x000000224f6acbc8]
Event: 1.896 Thread 0x0000002265827c90 nmethod 2251% 0x0000002256857f90 code [0x00000022568581e0, 0x0000002256859be8]
Event: 1.896 Thread 0x0000002265827c90 2322       4       org.springframework.asm.ClassReader::<init> (371 bytes)

GC Heap History (13 events):
Event: 0.621 GC heap before
{Heap before GC invocations=0 (full 0):
 garbage-first heap   total 131072K, used 23552K [0x0000000081a00000, 0x0000000100000000)
  region size 1024K, 23 young (23552K), 0 survivors (0K)
 Metaspace       used 4649K, committed 4800K, reserved 1056768K
  class space    used 486K, committed 576K, reserved 1048576K
}
Event: 0.625 GC heap after
{Heap after GC invocations=1 (full 0):
 garbage-first heap   total 131072K, used 6511K [0x0000000081a00000, 0x0000000100000000)
  region size 1024K, 3 young (3072K), 3 survivors (3072K)
 Metaspace       used 4649K, committed 4800K, reserved 1056768K
  class space    used 486K, committed 576K, reserved 1048576K
}
Event: 0.632 GC heap before
{Heap before GC invocations=1 (full 0):
 garbage-first heap   total 131072K, used 34159K [0x0000000081a00000, 0x0000000100000000)
  region size 1024K, 31 young (31744K), 3 survivors (3072K)
 Metaspace       used 4649K, committed 4800K, reserved 1056768K
  class space    used 486K, committed 576K, reserved 1048576K
}
Event: 0.634 GC heap after
{Heap after GC invocations=2 (full 0):
 garbage-first heap   total 131072K, used 6642K [0x0000000081a00000, 0x0000000100000000)
  region size 1024K, 1 young (1024K), 1 survivors (1024K)
 Metaspace       used 4649K, committed 4800K, reserved 1056768K
  class space    used 486K, committed 576K, reserved 1048576K
}
Event: 1.651 GC heap before
{Heap before GC invocations=2 (full 0):
 garbage-first heap   total 131072K, used 82418K [0x0000000081a00000, 0x0000000100000000)
  region size 1024K, 76 young (77824K), 1 survivors (1024K)
 Metaspace       used 15642K, committed 15872K, reserved 1064960K
  class space    used 1858K, committed 1984K, reserved 1048576K
}
Event: 1.655 GC heap after
{Heap after GC invocations=3 (full 0):
 garbage-first heap   total 131072K, used 10163K [0x0000000081a00000, 0x0000000100000000)
  region size 1024K, 4 young (4096K), 4 survivors (4096K)
 Metaspace       used 15642K, committed 15872K, reserved 1064960K
  class space    used 1858K, committed 1984K, reserved 1048576K
}
Event: 1.721 GC heap before
{Heap before GC invocations=3 (full 0):
 garbage-first heap   total 131072K, used 83891K [0x0000000081a00000, 0x0000000100000000)
  region size 1024K, 76 young (77824K), 4 survivors (4096K)
 Metaspace       used 15713K, committed 15936K, reserved 1064960K
  class space    used 1859K, committed 1984K, reserved 1048576K
}
Event: 1.724 GC heap after
{Heap after GC invocations=4 (full 0):
 garbage-first heap   total 131072K, used 10241K [0x0000000081a00000, 0x0000000100000000)
  region size 1024K, 4 young (4096K), 4 survivors (4096K)
 Metaspace       used 15713K, committed 15936K, reserved 1064960K
  class space    used 1859K, committed 1984K, reserved 1048576K
}
Event: 1.779 GC heap before
{Heap before GC invocations=4 (full 0):
 garbage-first heap   total 131072K, used 83969K [0x0000000081a00000, 0x0000000100000000)
  region size 1024K, 76 young (77824K), 4 survivors (4096K)
 Metaspace       used 15749K, committed 15936K, reserved 1064960K
  class space    used 1860K, committed 1984K, reserved 1048576K
}
Event: 1.782 GC heap after
{Heap after GC invocations=5 (full 0):
 garbage-first heap   total 131072K, used 10524K [0x0000000081a00000, 0x0000000100000000)
  region size 1024K, 4 young (4096K), 4 survivors (4096K)
 Metaspace       used 15749K, committed 15936K, reserved 1064960K
  class space    used 1860K, committed 1984K, reserved 1048576K
}
Event: 1.837 GC heap before
{Heap before GC invocations=5 (full 0):
 garbage-first heap   total 131072K, used 84252K [0x0000000081a00000, 0x0000000100000000)
  region size 1024K, 76 young (77824K), 4 survivors (4096K)
 Metaspace       used 15771K, committed 16064K, reserved 1064960K
  class space    used 1861K, committed 1984K, reserved 1048576K
}
Event: 1.840 GC heap after
{Heap after GC invocations=6 (full 0):
 garbage-first heap   total 131072K, used 10457K [0x0000000081a00000, 0x0000000100000000)
  region size 1024K, 4 young (4096K), 4 survivors (4096K)
 Metaspace       used 15771K, committed 16064K, reserved 1064960K
  class space    used 1861K, committed 1984K, reserved 1048576K
}
Event: 1.899 GC heap before
{Heap before GC invocations=6 (full 0):
 garbage-first heap   total 131072K, used 84185K [0x0000000081a00000, 0x0000000100000000)
  region size 1024K, 76 young (77824K), 4 survivors (4096K)
 Metaspace       used 15779K, committed 16064K, reserved 1064960K
  class space    used 1863K, committed 1984K, reserved 1048576K
}

Deoptimization events (20 events):
Event: 1.650 Thread 0x00000022677cf010 DEOPT PACKING pc=0x000000224f271234 sp=0x0000002269c0d8d0
Event: 1.650 Thread 0x00000022677cf010 DEOPT UNPACKING pc=0x000000224eccdece sp=0x0000002269c0cd40 mode 0
Event: 1.738 Thread 0x00000022677cf010 DEOPT PACKING pc=0x000000224f5d78ba sp=0x0000002269c0d830
Event: 1.738 Thread 0x00000022677cf010 DEOPT UNPACKING pc=0x000000224eccdece sp=0x0000002269c0cd80 mode 0
Event: 1.753 Thread 0x00000022677cf010 DEOPT PACKING pc=0x000000224f5d78ba sp=0x0000002269c0d830
Event: 1.753 Thread 0x00000022677cf010 DEOPT UNPACKING pc=0x000000224eccdece sp=0x0000002269c0cd80 mode 0
Event: 1.771 Thread 0x00000022677cf010 DEOPT PACKING pc=0x000000224f5d78ba sp=0x0000002269c0d6f0
Event: 1.771 Thread 0x00000022677cf010 DEOPT UNPACKING pc=0x000000224eccdece sp=0x0000002269c0cc40 mode 0
Event: 1.793 Thread 0x00000022677cf010 DEOPT PACKING pc=0x000000224f5d78ba sp=0x0000002269c0d6f0
Event: 1.793 Thread 0x00000022677cf010 DEOPT UNPACKING pc=0x000000224eccdece sp=0x0000002269c0cc40 mode 0
Event: 1.811 Thread 0x00000022677cf010 DEOPT PACKING pc=0x000000224f5d78ba sp=0x0000002269c0d850
Event: 1.811 Thread 0x00000022677cf010 DEOPT UNPACKING pc=0x000000224eccdece sp=0x0000002269c0cda0 mode 0
Event: 1.815 Thread 0x00000022677cf010 DEOPT PACKING pc=0x000000224f3e545f sp=0x0000002269c0d6c0
Event: 1.815 Thread 0x00000022677cf010 DEOPT UNPACKING pc=0x000000224eccdece sp=0x0000002269c0cc60 mode 0
Event: 1.821 Thread 0x00000022677cf010 DEOPT PACKING pc=0x000000224f3e545f sp=0x0000002269c0d6c0
Event: 1.821 Thread 0x00000022677cf010 DEOPT UNPACKING pc=0x000000224eccdece sp=0x0000002269c0cc60 mode 0
Event: 1.860 Thread 0x00000022677cf010 DEOPT PACKING pc=0x000000224f27434b sp=0x0000002269c0d5b0
Event: 1.860 Thread 0x00000022677cf010 DEOPT UNPACKING pc=0x000000224eccdece sp=0x0000002269c0cad0 mode 0
Event: 1.891 Thread 0x00000022677cf010 DEOPT PACKING pc=0x000000224f629170 sp=0x0000002269c0dae0
Event: 1.891 Thread 0x00000022677cf010 DEOPT UNPACKING pc=0x000000224eccdece sp=0x0000002269c0cfc0 mode 0

Classes unloaded (0 events):
No events

Classes redefined (0 events):
No events

Internal exceptions (20 events):
Event: 1.356 Thread 0x00000022677cf010 Exception <a 'java/lang/ClassNotFoundException'{0x000000008699cb00}: org/springframework/context/annotation/ConfigurationClassPostProcessorCustomizer> (0x000000008699cb00) 
thrown [t:\workspace\open\src\hotspot\share\classfile\systemDictionary.cpp, line 256]
Event: 1.360 Thread 0x00000022677cf010 Exception <a 'java/lang/ClassNotFoundException'{0x00000000869bb8e8}: org/springframework/beans/factory/support/BeanDefinitionRegistryPostProcessorCustomizer> (0x00000000869bb8e8) 
thrown [t:\workspace\open\src\hotspot\share\classfile\systemDictionary.cpp, line 256]
Event: 1.360 Thread 0x00000022677cf010 Exception <a 'java/lang/ClassNotFoundException'{0x00000000869c1380}: org/springframework/beans/factory/config/BeanFactoryPostProcessorCustomizer> (0x00000000869c1380) 
thrown [t:\workspace\open\src\hotspot\share\classfile\systemDictionary.cpp, line 256]
Event: 1.360 Thread 0x00000022677cf010 Exception <a 'java/lang/ClassNotFoundException'{0x00000000869c6b60}: org/springframework/core/PriorityOrderedCustomizer> (0x00000000869c6b60) 
thrown [t:\workspace\open\src\hotspot\share\classfile\systemDictionary.cpp, line 256]
Event: 1.361 Thread 0x00000022677cf010 Exception <a 'java/lang/ClassNotFoundException'{0x00000000869caf40}: org/springframework/core/OrderedCustomizer> (0x00000000869caf40) 
thrown [t:\workspace\open\src\hotspot\share\classfile\systemDictionary.cpp, line 256]
Event: 1.361 Thread 0x00000022677cf010 Exception <a 'java/lang/ClassNotFoundException'{0x00000000869d0598}: org/springframework/context/ResourceLoaderAwareCustomizer> (0x00000000869d0598) 
thrown [t:\workspace\open\src\hotspot\share\classfile\systemDictionary.cpp, line 256]
Event: 1.362 Thread 0x00000022677cf010 Exception <a 'java/lang/ClassNotFoundException'{0x00000000869d5ce0}: org/springframework/beans/factory/AwareCustomizer> (0x00000000869d5ce0) 
thrown [t:\workspace\open\src\hotspot\share\classfile\systemDictionary.cpp, line 256]
Event: 1.362 Thread 0x00000022677cf010 Exception <a 'java/lang/ClassNotFoundException'{0x00000000869da478}: org/springframework/context/ApplicationStartupAwareCustomizer> (0x00000000869da478) 
thrown [t:\workspace\open\src\hotspot\share\classfile\systemDictionary.cpp, line 256]
Event: 1.362 Thread 0x00000022677cf010 Exception <a 'java/lang/ClassNotFoundException'{0x00000000869dfe38}: org/springframework/beans/factory/AwareCustomizer> (0x00000000869dfe38) 
thrown [t:\workspace\open\src\hotspot\share\classfile\systemDictionary.cpp, line 256]
Event: 1.363 Thread 0x00000022677cf010 Exception <a 'java/lang/ClassNotFoundException'{0x00000000869e4618}: org/springframework/beans/factory/BeanClassLoaderAwareCustomizer> (0x00000000869e4618) 
thrown [t:\workspace\open\src\hotspot\share\classfile\systemDictionary.cpp, line 256]
Event: 1.363 Thread 0x00000022677cf010 Exception <a 'java/lang/ClassNotFoundException'{0x00000000869e9d78}: org/springframework/beans/factory/AwareCustomizer> (0x00000000869e9d78) 
thrown [t:\workspace\open\src\hotspot\share\classfile\systemDictionary.cpp, line 256]
Event: 1.363 Thread 0x00000022677cf010 Exception <a 'java/lang/ClassNotFoundException'{0x00000000869ee2f8}: org/springframework/context/EnvironmentAwareCustomizer> (0x00000000869ee2f8) 
thrown [t:\workspace\open\src\hotspot\share\classfile\systemDictionary.cpp, line 256]
Event: 1.364 Thread 0x00000022677cf010 Exception <a 'java/lang/ClassNotFoundException'{0x00000000869f39d0}: org/springframework/beans/factory/AwareCustomizer> (0x00000000869f39d0) 
thrown [t:\workspace\open\src\hotspot\share\classfile\systemDictionary.cpp, line 256]
Event: 1.370 Thread 0x00000022685c6aa0 Exception <a 'java/lang/NoSuchMethodError'{0x000000008671a948}: 'long java.lang.invoke.DirectMethodHandle$Holder.invokeSpecial(java.lang.Object, java.lang.Object)'> (0x000000008671a948) 
thrown [t:\workspace\open\src\hotspot\share\interpreter\linkResolver.cpp, line 790]
Event: 1.373 Thread 0x00000022685c6aa0 Exception <a 'java/lang/NoSuchMethodError'{0x0000000086725ac0}: 'long java.lang.invoke.DirectMethodHandle$Holder.invokeStatic(java.lang.Object, java.lang.Object)'> (0x0000000086725ac0) 
thrown [t:\workspace\open\src\hotspot\share\interpreter\linkResolver.cpp, line 790]
Event: 1.373 Thread 0x00000022685c6aa0 Exception <a 'java/lang/NoSuchMethodError'{0x00000000867292a0}: 'long java.lang.invoke.DirectMethodHandle$Holder.invokeStaticInit(java.lang.Object, java.lang.Object)'> (0x00000000867292a0) 
thrown [t:\workspace\open\src\hotspot\share\interpreter\linkResolver.cpp, line 790]
Event: 1.375 Thread 0x00000022685c6aa0 Exception <a 'java/lang/NoSuchMethodError'{0x0000000086737138}: 'long java.lang.invoke.DirectMethodHandle$Holder.invokeInterface(java.lang.Object, java.lang.Object)'> (0x0000000086737138) 
thrown [t:\workspace\open\src\hotspot\share\interpreter\linkResolver.cpp, line 790]
Event: 1.375 Thread 0x00000022685c6aa0 Exception <a 'java/lang/IncompatibleClassChangeError'{0x000000008673a898}: Found class java.lang.Object, but interface was expected> (0x000000008673a898) 
thrown [t:\workspace\open\src\hotspot\share\interpreter\linkResolver.cpp, line 857]
Event: 1.382 Thread 0x00000022685c6aa0 Exception <a 'java/lang/NoSuchMethodError'{0x00000000866260a0}: 'java.lang.Object java.lang.invoke.DirectMethodHandle$Holder.invokeVirtual(java.lang.Object, java.lang.Object, java.lang.Object, java.lang.Object)'> (0x00000000866260a0) 
thrown [t:\workspace\open\src\hotspot\share\interpreter\linkResolver.cpp, line 790]
Event: 1.383 Thread 0x00000022677cf010 Exception <a 'java/lang/NoSuchMethodError'{0x00000000867d7f00}: 'java.lang.Object java.lang.invoke.DirectMethodHandle$Holder.invokeVirtual(java.lang.Object, java.lang.Object, java.lang.Object)'> (0x00000000867d7f00) 
thrown [t:\workspace\open\src\hotspot\share\interpreter\linkResolver.cpp, line 790]

Events (20 events):
Event: 1.376 Executing  VM operation: HandshakeAllThreads done
Event: 1.386 Thread 0x0000002268c4adb0 Thread added: 0x0000002268c4adb0
Event: 1.386 Thread 0x00000022685c6aa0 Thread exited: 0x00000022685c6aa0
Event: 1.387 loading class java/util/regex/Pattern$LazyLoop
Event: 1.387 loading class java/util/regex/Pattern$Loop
Event: 1.387 loading class java/util/regex/Pattern$Loop done
Event: 1.387 loading class java/util/regex/Pattern$LazyLoop done
Event: 1.387 loading class java/util/regex/Pattern$Prolog
Event: 1.387 loading class java/util/regex/Pattern$Prolog done
Event: 1.468 loading class java/lang/AssertionError
Event: 1.468 loading class java/lang/AssertionError done
Event: 1.651 Executing  VM operation: G1CollectForAllocation
Event: 1.655 Executing  VM operation: G1CollectForAllocation done
Event: 1.721 Executing  VM operation: G1CollectForAllocation
Event: 1.724 Executing  VM operation: G1CollectForAllocation done
Event: 1.779 Executing  VM operation: G1CollectForAllocation
Event: 1.782 Executing  VM operation: G1CollectForAllocation done
Event: 1.837 Executing  VM operation: G1CollectForAllocation
Event: 1.840 Executing  VM operation: G1CollectForAllocation done
Event: 1.898 Executing  VM operation: G1CollectForAllocation


Dynamic libraries:
0x00007ff7403f0000 - 0x00007ff740400000 	C:\Program Files\Java\jdk-16.0.1\bin\java.exe
0x00007ff86fa00000 - 0x00007ff86fbac000 	C:\Windows\SYSTEM32\ntdll.dll
0x00007ff86e780000 - 0x00007ff86e8ba000 	C:\Windows\system32\KERNEL32.DLL
0x00007ff86ce40000 - 0x00007ff86cf4f000 	C:\Windows\system32\KERNELBASE.dll
0x00007ff8697b0000 - 0x00007ff8697c8000 	C:\Program Files\Java\jdk-16.0.1\bin\jli.dll
0x00007ff868be0000 - 0x00007ff868bf9000 	C:\Program Files\Java\jdk-16.0.1\bin\VCRUNTIME140.dll
0x00007ff86acb0000 - 0x00007ff86acb4000 	C:\Program Files\Java\jdk-16.0.1\bin\api-ms-win-crt-stdio-l1-1-0.dll
0x00007ff869ca0000 - 0x00007ff869ca4000 	C:\Program Files\Java\jdk-16.0.1\bin\api-ms-win-crt-runtime-l1-1-0.dll
0x00007ff866eb0000 - 0x00007ff866eb3000 	C:\Program Files\Java\jdk-16.0.1\bin\api-ms-win-crt-environment-l1-1-0.dll
0x00007ff866d50000 - 0x00007ff866d55000 	C:\Program Files\Java\jdk-16.0.1\bin\api-ms-win-crt-math-l1-1-0.dll
0x00007ff866d40000 - 0x00007ff866d43000 	C:\Program Files\Java\jdk-16.0.1\bin\api-ms-win-crt-locale-l1-1-0.dll
0x00007ff866150000 - 0x00007ff866153000 	C:\Program Files\Java\jdk-16.0.1\bin\api-ms-win-crt-heap-l1-1-0.dll
0x00007ff86f380000 - 0x00007ff86f425000 	C:\Windows\system32\ADVAPI32.dll
0x00007ff86ada0000 - 0x00007ff86affa000 	C:\Windows\WinSxS\amd64_microsoft.windows.common-controls_6595b64144ccf1df_6.0.9600.17031_none_6242a4b3ecbb55a1\COMCTL32.dll
0x00007ff86eb00000 - 0x00007ff86ec71000 	C:\Windows\system32\USER32.dll
0x00007ff86b210000 - 0x00007ff86b21a000 	C:\Windows\SYSTEM32\VERSION.dll
0x00007ff865300000 - 0x00007ff865303000 	C:\Program Files\Java\jdk-16.0.1\bin\api-ms-win-crt-filesystem-l1-1-0.dll
0x00007ff8652f0000 - 0x00007ff8652f4000 	C:\Program Files\Java\jdk-16.0.1\bin\api-ms-win-crt-string-l1-1-0.dll
0x00007ff8652e0000 - 0x00007ff8652e4000 	C:\Program Files\Java\jdk-16.0.1\bin\api-ms-win-crt-convert-l1-1-0.dll
0x00007ff86f640000 - 0x00007ff86f6e7000 	C:\Windows\system32\msvcrt.dll
0x00007ff86f440000 - 0x00007ff86f497000 	C:\Windows\SYSTEM32\sechost.dll
0x00007ff86f500000 - 0x00007ff86f637000 	C:\Windows\system32\RPCRT4.dll
0x00007ff86f060000 - 0x00007ff86f1a4000 	C:\Windows\system32\GDI32.dll
0x00007ff85c320000 - 0x00007ff85c41a000 	C:\Program Files\Java\jdk-16.0.1\bin\ucrtbase.DLL
0x00007ff86f830000 - 0x00007ff86f864000 	C:\Windows\system32\IMM32.DLL
0x00007ff86f6f0000 - 0x00007ff86f829000 	C:\Windows\system32\MSCTF.dll
0x00007ff861060000 - 0x00007ff86106c000 	C:\Program Files\Java\jdk-16.0.1\bin\vcruntime140_1.dll
0x00007ff85a8a0000 - 0x00007ff85a931000 	C:\Program Files\Java\jdk-16.0.1\bin\msvcp140.dll
0x00007ff861050000 - 0x00007ff861053000 	C:\Program Files\Java\jdk-16.0.1\bin\api-ms-win-crt-time-l1-1-0.dll
0x00007ff861040000 - 0x00007ff861043000 	C:\Program Files\Java\jdk-16.0.1\bin\api-ms-win-crt-utility-l1-1-0.dll
0x00007ff84b800000 - 0x00007ff84c3ab000 	C:\Program Files\Java\jdk-16.0.1\bin\server\jvm.dll
0x00007ff863d10000 - 0x00007ff863d19000 	C:\Windows\SYSTEM32\WSOCK32.dll
0x00007ff86b1f0000 - 0x00007ff86b20f000 	C:\Windows\SYSTEM32\WINMM.dll
0x00007ff86d290000 - 0x00007ff86d297000 	C:\Windows\system32\PSAPI.DLL
0x00007ff86e8c0000 - 0x00007ff86e918000 	C:\Windows\system32\WS2_32.dll
0x00007ff869610000 - 0x00007ff86963a000 	C:\Windows\SYSTEM32\WINMMBASE.dll
0x00007ff86f430000 - 0x00007ff86f439000 	C:\Windows\system32\NSI.dll
0x00007ff86cf50000 - 0x00007ff86cf9a000 	C:\Windows\SYSTEM32\cfgmgr32.dll
0x00007ff86bbf0000 - 0x00007ff86bc16000 	C:\Windows\SYSTEM32\DEVOBJ.dll
0x00007ff860970000 - 0x00007ff86097a000 	C:\Program Files\Java\jdk-16.0.1\bin\jimage.dll
0x00007ff868e50000 - 0x00007ff868fd8000 	C:\Windows\SYSTEM32\DBGHELP.DLL
0x00007ff85fde0000 - 0x00007ff85fdee000 	C:\Program Files\Java\jdk-16.0.1\bin\instrument.dll
0x00007ff85c2f0000 - 0x00007ff85c315000 	C:\Program Files\Java\jdk-16.0.1\bin\java.dll
0x00007ff86d2a0000 - 0x00007ff86e6bf000 	C:\Windows\system32\SHELL32.dll
0x00007ff86ee20000 - 0x00007ff86eff6000 	C:\Windows\SYSTEM32\combase.dll
0x00007ff86f1d0000 - 0x00007ff86f221000 	C:\Windows\system32\SHLWAPI.dll
0x00007ff86b900000 - 0x00007ff86b99f000 	C:\Windows\SYSTEM32\SHCORE.dll
0x00007ff86cd70000 - 0x00007ff86cd84000 	C:\Windows\SYSTEM32\profapi.dll
0x00007ff854730000 - 0x00007ff854748000 	C:\Program Files\Java\jdk-16.0.1\bin\zip.dll
0x00007ff85fdc0000 - 0x00007ff85fdd9000 	C:\Program Files\Java\jdk-16.0.1\bin\net.dll
0x00007ff863950000 - 0x00007ff863a15000 	C:\Windows\SYSTEM32\WINHTTP.dll
0x00007ff86c630000 - 0x00007ff86c688000 	C:\Windows\system32\mswsock.dll
0x00007ff85c2d0000 - 0x00007ff85c2e3000 	C:\Program Files\Java\jdk-16.0.1\bin\nio.dll
0x00007ff854710000 - 0x00007ff85472a000 	C:\Program Files\JetBrains\IntelliJ IDEA Community Edition 2021.1.1\bin\breakgen64.dll
0x00007ff85b300000 - 0x00007ff85b310000 	C:\Program Files\Java\jdk-16.0.1\bin\verify.dll
0x00007ff85aac0000 - 0x00007ff85aac9000 	C:\Program Files\Java\jdk-16.0.1\bin\management.dll
0x00007ff8585a0000 - 0x00007ff8585ab000 	C:\Program Files\Java\jdk-16.0.1\bin\management_ext.dll
0x00007ff8527a0000 - 0x00007ff8527b4000 	C:\Windows\system32\napinsp.dll
0x00007ff8526c0000 - 0x00007ff8526d9000 	C:\Windows\system32\pnrpnsp.dll
0x00007ff866c00000 - 0x00007ff866c19000 	C:\Windows\system32\NLAapi.dll
0x00007ff86c440000 - 0x00007ff86c4e3000 	C:\Windows\SYSTEM32\DNSAPI.dll
0x00007ff858590000 - 0x00007ff85859c000 	C:\Windows\System32\winrnr.dll
0x00007ff852bc0000 - 0x00007ff852bd3000 	C:\Windows\system32\wshbth.dll
0x00007ff8630e0000 - 0x00007ff8630e9000 	C:\Windows\System32\rasadhlp.dll
0x00007ff866840000 - 0x00007ff866869000 	C:\Windows\SYSTEM32\IPHLPAPI.DLL
0x00007ff866830000 - 0x00007ff86683a000 	C:\Windows\SYSTEM32\WINNSI.DLL
0x00007ff8660b0000 - 0x00007ff866118000 	C:\Windows\System32\fwpuclnt.dll

dbghelp: loaded successfully - version: 4.0.5 - missing functions: none
symbol engine: initialized successfully - sym options: 0x614 - pdb path: .;C:\Program Files\Java\jdk-16.0.1\bin;C:\Windows\SYSTEM32;C:\Windows\WinSxS\amd64_microsoft.windows.common-controls_6595b64144ccf1df_6.0.9600.17031_none_6242a4b3ecbb55a1;C:\Program Files\Java\jdk-16.0.1\bin\server;C:\Program Files\JetBrains\IntelliJ IDEA Community Edition 2021.1.1\bin

VM Arguments:
jvm_args: -javaagent:C:\Program Files\JetBrains\IntelliJ IDEA Community Edition 2021.1.1\lib\idea_rt.jar=61457:C:\Program Files\JetBrains\IntelliJ IDEA Community Edition 2021.1.1\bin -Dfile.encoding=UTF-8 
java_command: com.examportal.OnlineExamPortalApplication
java_class_path (initial): C:\Users\Anil Kumar\Documents\Projects\Group_H_Online_Exam_Portal\target\classes;C:\Users\Anil Kumar\.m2\repository\org\springframework\boot\spring-boot-starter-data-jpa\2.6.4\spring-boot-starter-data-jpa-2.6.4.jar;C:\Users\Anil Kumar\.m2\repository\org\springframework\boot\spring-boot-starter-aop\2.6.4\spring-boot-starter-aop-2.6.4.jar;C:\Users\Anil Kumar\.m2\repository\org\springframework\spring-aop\5.3.16\spring-aop-5.3.16.jar;C:\Users\Anil Kumar\.m2\repository\org\aspectj\aspectjweaver\1.9.7\aspectjweaver-1.9.7.jar;C:\Users\Anil Kumar\.m2\repository\org\springframework\boot\spring-boot-starter-jdbc\2.6.4\spring-boot-starter-jdbc-2.6.4.jar;C:\Users\Anil Kumar\.m2\repository\com\zaxxer\HikariCP\4.0.3\HikariCP-4.0.3.jar;C:\Users\Anil Kumar\.m2\repository\org\springframework\spring-jdbc\5.3.16\spring-jdbc-5.3.16.jar;C:\Users\Anil Kumar\.m2\repository\jakarta\transaction\jakarta.transaction-api\1.3.3\jakarta.transaction-api-1.3.3.jar;C:\Users\Anil Kumar\.m2\repository\jakarta\persistence\jakarta.persistence-api\2.2.3\jakarta.persistence-api-2.2.3.jar;C:\Users\Anil Kumar\.m2\repository\org\hibernate\hibernate-core\5.6.5.Final\hibernate-core-5.6.5.Final.jar;C:\Users\Anil Kumar\.m2\repository\org\jboss\logging\jboss-logging\3.4.3.Final\jboss-logging-3.4.3.Final.jar;C:\Users\Anil Kumar\.m2\repository\net\bytebuddy\byte-buddy\1.11.22\byte-buddy-1.11.22.jar;C:\Users\Anil Kumar\.m2\repository\antlr\antlr\2.7.7\antlr-2.7.7.jar;C:\Users\Anil Kumar\.m2\repository\org\jboss\jandex\2.4.2.Final\jandex-2.4.2.Final.jar;C:\Users\Anil Kumar\.m2\repository\com\fasterxml\classmate\1.5.1\classmate-1.5.1.jar;C:\Users\Anil Kumar\.m2\repository\org\hibernate\common\hibernate-commons-annotations\5.1.2.Final\hibernate-commons-annotations-5.1.2.Final.jar;C:\Users\Anil Kumar\.m2\repository\org\glassfish\jaxb\jaxb-runtime\2.3.6\jaxb-runtime-2.3.6.jar;C:\Users\Anil Kumar\.m2\repository\org\glassfish\jaxb\txw2\2.3.6\txw2-2.3.6.jar;C:\Users\Anil Kumar\.m2\repository\co
Launcher Type: SUN_STANDARD

[Global flags]
     intx CICompilerCount                          = 4                                         {product} {ergonomic}
     uint ConcGCThreads                            = 2                                         {product} {ergonomic}
     uint G1ConcRefinementThreads                  = 8                                         {product} {ergonomic}
   size_t G1HeapRegionSize                         = 1048576                                   {product} {ergonomic}
    uintx GCDrainStackTargetSize                   = 64                                        {product} {ergonomic}
   size_t InitialHeapSize                          = 134217728                                 {product} {ergonomic}
   size_t MarkStackSize                            = 4194304                                   {product} {ergonomic}
   size_t MaxHeapSize                              = 2120220672                                {product} {ergonomic}
   size_t MaxNewSize                               = 1271922688                                {product} {ergonomic}
   size_t MinHeapDeltaBytes                        = 1048576                                   {product} {ergonomic}
   size_t MinHeapSize                              = 8388608                                   {product} {ergonomic}
    uintx NonNMethodCodeHeapSize                   = 5839372                                {pd product} {ergonomic}
    uintx NonProfiledCodeHeapSize                  = 122909434                              {pd product} {ergonomic}
    uintx ProfiledCodeHeapSize                     = 122909434                              {pd product} {ergonomic}
    uintx ReservedCodeCacheSize                    = 251658240                              {pd product} {ergonomic}
     bool SegmentedCodeCache                       = true                                      {product} {ergonomic}
   size_t SoftMaxHeapSize                          = 2120220672                             {manageable} {ergonomic}
     bool UseCompressedClassPointers               = true                           {product lp64_product} {ergonomic}
     bool UseCompressedOops                        = true                           {product lp64_product} {ergonomic}
     bool UseG1GC                                  = true                                      {product} {ergonomic}
     bool UseLargePagesIndividualAllocation        = false                                  {pd product} {ergonomic}

Logging:
Log output configuration:
 #0: stdout all=warning uptime,level,tags
 #1: stderr all=off uptime,level,tags

Environment Variables:
JAVA_HOME=C:\Program Files\Java\jdk-16.0.1
PATH=C:\Program Files\Common Files\Oracle\Java\javapath;C:\Program Files (x86)\Common Files\Oracle\Java\javapath;C:\Python39\Scripts\;C:\Python39\;C:\Program Files (x86)\Intel\iCLS Client\;C:\Program Files\Intel\iCLS Client\;C:\Windows\system32;C:\Windows;C:\Windows\System32\Wbem;C:\Windows\System32\WindowsPowerShell\v1.0\;C:\Program Files\Intel\Intel(R) Management Engine Components\DAL;C:\Program Files (x86)\Intel\Intel(R) Management Engine Components\DAL;C:\Program Files\Intel\Intel(R) Management Engine Components\IPT;C:\Program Files (x86)\Intel\Intel(R) Management Engine Components\IPT;C:\Program Files (x86)\NVIDIA Corporation\PhysX\Common;C:\Program Files\nodejs\;C:\ProgramData\chocolatey\bin;C:\Program Files\Intel\WiFi\bin\;C:\Program Files\Common Files\Intel\WirelessCommon\;C:\Program Files\Git\cmd;C:\Program Files\MySQL\MySQL Shell 8.0\bin\;C:\Program Files\OpenBabel-3.1.1;;C:\Users\Anil Kumar\AppData\Local\Programs\Microsoft VS Code\bin;C:\Users\Anil Kumar\AppData\Roaming\npm;C:\Program Files\Java\apache-maven-3.8.1\bin;;C:\Program Files\JetBrains\IntelliJ IDEA Community Edition 2021.1.1\bin;;C:\Program Files\Intel\WiFi\bin\;C:\Program Files\Common Files\Intel\WirelessCommon\;C:\adb
USERNAME=Anil Kumar
OS=Windows_NT
PROCESSOR_IDENTIFIER=Intel64 Family 6 Model 60 Stepping 3, GenuineIntel



---------------  S Y S T E M  ---------------

OS:
 Windows 8.1 , 64 bit Build 9600 (6.3.9600.17056)
OS uptime: 3 days 2:22 hours

CPU: total 8 (initial active 8) (4 cores per cpu, 2 threads per core) family 6 model 60 stepping 3 microcode 0x1c, cx8, cmov, fxsr, ht, mmx, sse, sse2, sse3, ssse3, sse4.1, sse4.2, popcnt, lzcnt, tsc, tscinvbit, avx, avx2, aes, erms, clmul, bmi1, bmi2, fma, vzeroupper, clflush

Memory: 4k page, system-wide physical 8080M (1056M free)
TotalPageFile size 12660M (AvailPageFile size 113M)
current process WorkingSet (physical memory assigned to process): 184M, peak: 187M
current process commit charge ("private bytes"): 272M, peak: 397M

vm_info: Java HotSpot(TM) 64-Bit Server VM (16.0.1+9-24) for windows-amd64 JRE (16.0.1+9-24), built on Mar 26 2021 19:31:42 by "mach5one" with MS VC++ 16.7 (VS2019)

END.
