#
# There is insufficient memory for the Java Runtime Environment to continue.
# Native memory allocation (malloc) failed to allocate 1197696 bytes for Chunk::new
# Possible reasons:
#   The system is out of physical RAM or swap space
#   The process is running with CompressedOops enabled, and the Java Heap may be blocking the growth of the native heap
# Possible solutions:
#   Reduce memory load on the system
#   Increase physical memory or swap space
#   Check if swap backing store is full
#   Decrease Java heap size (-Xmx/-Xms)
#   Decrease number of Java threads
#   Decrease Java thread stack sizes (-Xss)
#   Set larger code cache with -XX:ReservedCodeCacheSize=
#   JVM is running with Unscaled Compressed Oops mode in which the Java heap is
#     placed in the first 4GB address space. The Java Heap base address is the
#     maximum limit for the native heap growth. Please use -XX:HeapBaseMinAddress
#     to set the Java Heap base and to place the Java Heap above 4GB virtual address.
# This output file may be truncated or incomplete.
#
#  Out of Memory Error (arena.cpp:195), pid=12380, tid=8408
#
# JRE version: Java(TM) SE Runtime Environment (16.0.1+9) (build 16.0.1+9-24)
# Java VM: Java HotSpot(TM) 64-Bit Server VM (16.0.1+9-24, mixed mode, sharing, tiered, compressed oops, compressed class ptrs, g1 gc, windows-amd64)
# No core dump will be written. Minidumps are not enabled by default on client versions of Windows
#

---------------  S U M M A R Y ------------

Command Line: -javaagent:C:\Program Files\JetBrains\IntelliJ IDEA Community Edition 2021.1.1\lib\idea_rt.jar=60043:C:\Program Files\JetBrains\IntelliJ IDEA Community Edition 2021.1.1\bin -Dfile.encoding=UTF-8 com.examportal.OnlineExamPortalApplication

Host: Intel(R) Core(TM) i7-4720HQ CPU @ 2.60GHz, 8 cores, 7G,  Windows 8.1 , 64 bit Build 9600 (6.3.9600.17056)
Time: Sat Mar 26 15:16:40 2022 India Standard Time elapsed time: 2.172193 seconds (0d 0h 0m 2s)

---------------  T H R E A D  ---------------

Current thread (0x0000005b5d557b30):  JavaThread "C2 CompilerThread2" daemon [_thread_in_native, id=8408, stack(0x0000005b5df10000,0x0000005b5e010000)]


Current CompileTask:
C2:   2172 2349       4       org.springframework.asm.ClassReader::accept (1401 bytes)

Stack: [0x0000005b5df10000,0x0000005b5e010000]
Native frames: (J=compiled Java code, j=interpreted, Vv=VM code, C=native code)
V  [jvm.dll+0x6687ca]
V  [jvm.dll+0x7ca3c9]
V  [jvm.dll+0x7cbb53]
V  [jvm.dll+0x7cc1b3]
V  [jvm.dll+0x242ea5]
V  [jvm.dll+0xadeca]
V  [jvm.dll+0xae5ac]
V  [jvm.dll+0x2a52cf]
V  [jvm.dll+0x574359]
V  [jvm.dll+0x21eb55]
V  [jvm.dll+0x217e51]
V  [jvm.dll+0x21524c]
V  [jvm.dll+0x1a1d9b]
V  [jvm.dll+0x2253a8]
V  [jvm.dll+0x2233ec]
V  [jvm.dll+0x780002]
V  [jvm.dll+0x779b4a]
V  [jvm.dll+0x667666]
C  [ucrtbase.DLL+0x1d912]
C  [KERNEL32.DLL+0x16ad]
C  [ntdll.dll+0x6e954]


---------------  P R O C E S S  ---------------

Threads class SMR info:
_java_thread_list=0x0000005b5f21a0c0, length=18, elements={
0x0000005b3c187160, 0x0000005b5a4678b0, 0x0000005b5a468770, 0x0000005b5a471170,
0x0000005b5a471b80, 0x0000005b5a472780, 0x0000005b5a475190, 0x0000005b5a479470,
0x0000005b5a48a740, 0x0000005b5a496da0, 0x0000005b5baeb1a0, 0x0000005b5bd56690,
0x0000005b5bd56bb0, 0x0000005b5c423b60, 0x0000005b5d557b30, 0x0000005b5d8d6ee0,
0x0000005b5c0cf640, 0x0000005b5e8dd0c0
}

Java Threads: ( => current thread )
  0x0000005b3c187160 JavaThread "main" [_thread_blocked, id=12404, stack(0x0000005b3b830000,0x0000005b3b930000)]
  0x0000005b5a4678b0 JavaThread "Reference Handler" daemon [_thread_blocked, id=9860, stack(0x0000005b5b000000,0x0000005b5b100000)]
  0x0000005b5a468770 JavaThread "Finalizer" daemon [_thread_blocked, id=8308, stack(0x0000005b5b100000,0x0000005b5b200000)]
  0x0000005b5a471170 JavaThread "Signal Dispatcher" daemon [_thread_blocked, id=10620, stack(0x0000005b5b360000,0x0000005b5b460000)]
  0x0000005b5a471b80 JavaThread "Attach Listener" daemon [_thread_blocked, id=9600, stack(0x0000005b5b460000,0x0000005b5b560000)]
  0x0000005b5a472780 JavaThread "Service Thread" daemon [_thread_blocked, id=10484, stack(0x0000005b5b560000,0x0000005b5b660000)]
  0x0000005b5a475190 JavaThread "Monitor Deflation Thread" daemon [_thread_blocked, id=7492, stack(0x0000005b5b660000,0x0000005b5b760000)]
  0x0000005b5a479470 JavaThread "C2 CompilerThread0" daemon [_thread_in_native, id=10020, stack(0x0000005b5b760000,0x0000005b5b860000)]
  0x0000005b5a48a740 JavaThread "C1 CompilerThread0" daemon [_thread_blocked, id=10716, stack(0x0000005b5b860000,0x0000005b5b960000)]
  0x0000005b5a496da0 JavaThread "Sweeper thread" daemon [_thread_blocked, id=12716, stack(0x0000005b5b960000,0x0000005b5ba60000)]
  0x0000005b5baeb1a0 JavaThread "Common-Cleaner" daemon [_thread_blocked, id=11528, stack(0x0000005b5be60000,0x0000005b5bf60000)]
  0x0000005b5bd56690 JavaThread "Monitor Ctrl-Break" daemon [_thread_in_native, id=13028, stack(0x0000005b5c760000,0x0000005b5c860000)]
  0x0000005b5bd56bb0 JavaThread "Notification Thread" daemon [_thread_blocked, id=12964, stack(0x0000005b5c860000,0x0000005b5c960000)]
  0x0000005b5c423b60 JavaThread "C2 CompilerThread1" daemon [_thread_in_native, id=9804, stack(0x0000005b5ce40000,0x0000005b5cf40000)]
=>0x0000005b5d557b30 JavaThread "C2 CompilerThread2" daemon [_thread_in_native, id=8408, stack(0x0000005b5df10000,0x0000005b5e010000)]
  0x0000005b5d8d6ee0 JavaThread "Thread-0" [_thread_blocked, id=3092, stack(0x0000005b5f240000,0x0000005b5f340000)]
  0x0000005b5c0cf640 JavaThread "restartedMain" [_thread_in_native, id=868, stack(0x0000005b5f9d0000,0x0000005b5fad0000)]
  0x0000005b5e8dd0c0 JavaThread "Thread-3" [_thread_blocked, id=11652, stack(0x0000005b5fee0000,0x0000005b5ffe0000)]

Other Threads:
  0x0000005b5a45cb70 VMThread "VM Thread" [stack: 0x0000005b5a6d0000,0x0000005b5a7d0000] [id=2816]
  0x0000005b5bd595a0 WatcherThread [stack: 0x0000005b5c960000,0x0000005b5ca60000] [id=4288]
  0x0000005b3c1c6b90 GCTaskThread "GC Thread#0" [stack: 0x0000005b57740000,0x0000005b57840000] [id=11512]
  0x0000005b5a45bec0 GCTaskThread "GC Thread#1" [stack: 0x0000005b5f490000,0x0000005b5f590000] [id=10744]
  0x0000005b5a45b590 GCTaskThread "GC Thread#2" [stack: 0x0000005b5f590000,0x0000005b5f690000] [id=7452]
  0x0000005b5a45bbb0 GCTaskThread "GC Thread#3" [stack: 0x0000005b5e010000,0x0000005b5e110000] [id=5744]
  0x0000005b5a45a950 GCTaskThread "GC Thread#4" [stack: 0x0000005b5e110000,0x0000005b5e210000] [id=11308]
  0x0000005b5a45c1d0 GCTaskThread "GC Thread#5" [stack: 0x0000005b5f690000,0x0000005b5f790000] [id=7968]
  0x0000005b5a45af70 GCTaskThread "GC Thread#6" [stack: 0x0000005b5f790000,0x0000005b5f890000] [id=424]
  0x0000005b5e99c520 GCTaskThread "GC Thread#7" [stack: 0x0000005b5f890000,0x0000005b5f990000] [id=11108]
  0x0000005b3c1d89a0 ConcurrentGCThread "G1 Main Marker" [stack: 0x0000005b57840000,0x0000005b57940000] [id=9104]
  0x0000005b3c1da050 ConcurrentGCThread "G1 Conc#0" [stack: 0x0000005b57940000,0x0000005b57a40000] [id=800]
  0x0000005b5a30a100 ConcurrentGCThread "G1 Refine#0" [stack: 0x0000005b5a4d0000,0x0000005b5a5d0000] [id=13068]
  0x0000005b5a30ac00 ConcurrentGCThread "G1 Service" [stack: 0x0000005b5a5d0000,0x0000005b5a6d0000] [id=11884]

Threads with active compile tasks:
C2 CompilerThread0     2359 2422 % !   4       java.util.concurrent.ConcurrentHashMap::transfer @ 96 (849 bytes)
C2 CompilerThread1     2359 2352       4       org.springframework.core.io.UrlResource::hashCode (8 bytes)
C2 CompilerThread2     2359 2349       4       org.springframework.asm.ClassReader::accept (1401 bytes)

VM state: not at safepoint (normal execution)

VM Mutex/Monitor currently owned by a thread: None

Heap address: 0x0000000081a00000, size: 2022 MB, Compressed Oops mode: 32-bit

CDS archive(s) mapped at: [0x0000000800000000-0x0000000800bb0000-0x0000000800bb0000), size 12255232, SharedBaseAddress: 0x0000000800000000, ArchiveRelocationMode: 0.
Compressed class space mapped at: 0x0000000800c00000-0x0000000840c00000, reserved size: 1073741824
Narrow klass base: 0x0000000800000000, Narrow klass shift: 3, Narrow klass range: 0x100000000

GC Precious Log:
 CPUs: 8 total, 8 available
 Memory: 8080M
 Large Page Support: Disabled
 NUMA Support: Disabled
 Compressed Oops: Enabled (32-bit)
 Heap Region Size: 1M
 Heap Min Capacity: 8M
 Heap Initial Capacity: 128M
 Heap Max Capacity: 2022M
 Pre-touch: Disabled
 Parallel Workers: 8
 Concurrent Workers: 2
 Concurrent Refinement Workers: 8
 Periodic GC: Disabled

Heap:
 garbage-first heap   total 262144K, used 106986K [0x0000000081a00000, 0x0000000100000000)
  region size 1024K, 100 young (102400K), 4 survivors (4096K)
 Metaspace       used 16065K, committed 16320K, reserved 1064960K
  class space    used 1909K, committed 2048K, reserved 1048576K

Heap Regions: E=young(eden), S=young(survivor), O=old, HS=humongous(starts), HC=humongous(continues), CS=collection set, F=free, OA=open archive, CA=closed archive, TAMS=top-at-mark-start (previous, next)
|   0|0x0000000081a00000, 0x0000000081b00000, 0x0000000081b00000|100%|HS|  |TAMS 0x0000000081a00000, 0x0000000081a00000| Complete 
|   1|0x0000000081b00000, 0x0000000081c00000, 0x0000000081c00000|100%| O|  |TAMS 0x0000000081b00000, 0x0000000081b00000| Untracked 
|   2|0x0000000081c00000, 0x0000000081d00000, 0x0000000081d00000|100%| O|  |TAMS 0x0000000081c00000, 0x0000000081c00000| Untracked 
|   3|0x0000000081d00000, 0x0000000081e00000, 0x0000000081e00000|100%| O|  |TAMS 0x0000000081d00000, 0x0000000081d00000| Untracked 
|   4|0x0000000081e00000, 0x0000000081f00000, 0x0000000081f00000|100%| O|  |TAMS 0x0000000081e00000, 0x0000000081e00000| Untracked 
|   5|0x0000000081f00000, 0x0000000082000000, 0x0000000082000000|100%| O|  |TAMS 0x0000000081f00000, 0x0000000081f00000| Untracked 
|   6|0x0000000082000000, 0x000000008207aa00, 0x0000000082100000| 47%| O|  |TAMS 0x0000000082000000, 0x0000000082000000| Untracked 
|   7|0x0000000082100000, 0x0000000082100000, 0x0000000082200000|  0%| F|  |TAMS 0x0000000082100000, 0x0000000082100000| Untracked 
|   8|0x0000000082200000, 0x0000000082200000, 0x0000000082300000|  0%| F|  |TAMS 0x0000000082200000, 0x0000000082200000| Untracked 
|   9|0x0000000082300000, 0x0000000082300000, 0x0000000082400000|  0%| F|  |TAMS 0x0000000082300000, 0x0000000082300000| Untracked 
|  10|0x0000000082400000, 0x0000000082400000, 0x0000000082500000|  0%| F|  |TAMS 0x0000000082400000, 0x0000000082400000| Untracked 
|  11|0x0000000082500000, 0x0000000082500000, 0x0000000082600000|  0%| F|  |TAMS 0x0000000082500000, 0x0000000082500000| Untracked 
|  12|0x0000000082600000, 0x0000000082600000, 0x0000000082700000|  0%| F|  |TAMS 0x0000000082600000, 0x0000000082600000| Untracked 
|  13|0x0000000082700000, 0x0000000082700000, 0x0000000082800000|  0%| F|  |TAMS 0x0000000082700000, 0x0000000082700000| Untracked 
|  14|0x0000000082800000, 0x0000000082800000, 0x0000000082900000|  0%| F|  |TAMS 0x0000000082800000, 0x0000000082800000| Untracked 
|  15|0x0000000082900000, 0x0000000082900000, 0x0000000082a00000|  0%| F|  |TAMS 0x0000000082900000, 0x0000000082900000| Untracked 
|  16|0x0000000082a00000, 0x0000000082a00000, 0x0000000082b00000|  0%| F|  |TAMS 0x0000000082a00000, 0x0000000082a00000| Untracked 
|  17|0x0000000082b00000, 0x0000000082b00000, 0x0000000082c00000|  0%| F|  |TAMS 0x0000000082b00000, 0x0000000082b00000| Untracked 
|  18|0x0000000082c00000, 0x0000000082c00000, 0x0000000082d00000|  0%| F|  |TAMS 0x0000000082c00000, 0x0000000082c00000| Untracked 
|  19|0x0000000082d00000, 0x0000000082d00000, 0x0000000082e00000|  0%| F|  |TAMS 0x0000000082d00000, 0x0000000082d00000| Untracked 
|  20|0x0000000082e00000, 0x0000000082e00000, 0x0000000082f00000|  0%| F|  |TAMS 0x0000000082e00000, 0x0000000082e00000| Untracked 
|  21|0x0000000082f00000, 0x0000000082f00000, 0x0000000083000000|  0%| F|  |TAMS 0x0000000082f00000, 0x0000000082f00000| Untracked 
|  22|0x0000000083000000, 0x0000000083000000, 0x0000000083100000|  0%| F|  |TAMS 0x0000000083000000, 0x0000000083000000| Untracked 
|  23|0x0000000083100000, 0x0000000083100000, 0x0000000083200000|  0%| F|  |TAMS 0x0000000083100000, 0x0000000083100000| Untracked 
|  24|0x0000000083200000, 0x0000000083200000, 0x0000000083300000|  0%| F|  |TAMS 0x0000000083200000, 0x0000000083200000| Untracked 
|  25|0x0000000083300000, 0x0000000083300000, 0x0000000083400000|  0%| F|  |TAMS 0x0000000083300000, 0x0000000083300000| Untracked 
|  26|0x0000000083400000, 0x0000000083400000, 0x0000000083500000|  0%| F|  |TAMS 0x0000000083400000, 0x0000000083400000| Untracked 
|  27|0x0000000083500000, 0x0000000083500000, 0x0000000083600000|  0%| F|  |TAMS 0x0000000083500000, 0x0000000083500000| Untracked 
|  28|0x0000000083600000, 0x0000000083600000, 0x0000000083700000|  0%| F|  |TAMS 0x0000000083600000, 0x0000000083600000| Untracked 
|  29|0x0000000083700000, 0x0000000083700000, 0x0000000083800000|  0%| F|  |TAMS 0x0000000083700000, 0x0000000083700000| Untracked 
|  30|0x0000000083800000, 0x0000000083800000, 0x0000000083900000|  0%| F|  |TAMS 0x0000000083800000, 0x0000000083800000| Untracked 
|  31|0x0000000083900000, 0x0000000083900000, 0x0000000083a00000|  0%| F|  |TAMS 0x0000000083900000, 0x0000000083900000| Untracked 
|  32|0x0000000083a00000, 0x0000000083a00000, 0x0000000083b00000|  0%| F|  |TAMS 0x0000000083a00000, 0x0000000083a00000| Untracked 
|  33|0x0000000083b00000, 0x0000000083b00000, 0x0000000083c00000|  0%| F|  |TAMS 0x0000000083b00000, 0x0000000083b00000| Untracked 
|  34|0x0000000083c00000, 0x0000000083c00000, 0x0000000083d00000|  0%| F|  |TAMS 0x0000000083c00000, 0x0000000083c00000| Untracked 
|  35|0x0000000083d00000, 0x0000000083d00000, 0x0000000083e00000|  0%| F|  |TAMS 0x0000000083d00000, 0x0000000083d00000| Untracked 
|  36|0x0000000083e00000, 0x0000000083e00000, 0x0000000083f00000|  0%| F|  |TAMS 0x0000000083e00000, 0x0000000083e00000| Untracked 
|  37|0x0000000083f00000, 0x0000000083f00000, 0x0000000084000000|  0%| F|  |TAMS 0x0000000083f00000, 0x0000000083f00000| Untracked 
|  38|0x0000000084000000, 0x0000000084000000, 0x0000000084100000|  0%| F|  |TAMS 0x0000000084000000, 0x0000000084000000| Untracked 
|  39|0x0000000084100000, 0x0000000084100000, 0x0000000084200000|  0%| F|  |TAMS 0x0000000084100000, 0x0000000084100000| Untracked 
|  40|0x0000000084200000, 0x0000000084200000, 0x0000000084300000|  0%| F|  |TAMS 0x0000000084200000, 0x0000000084200000| Untracked 
|  41|0x0000000084300000, 0x0000000084300000, 0x0000000084400000|  0%| F|  |TAMS 0x0000000084300000, 0x0000000084300000| Untracked 
|  42|0x0000000084400000, 0x0000000084400000, 0x0000000084500000|  0%| F|  |TAMS 0x0000000084400000, 0x0000000084400000| Untracked 
|  43|0x0000000084500000, 0x0000000084500000, 0x0000000084600000|  0%| F|  |TAMS 0x0000000084500000, 0x0000000084500000| Untracked 
|  44|0x0000000084600000, 0x0000000084600000, 0x0000000084700000|  0%| F|  |TAMS 0x0000000084600000, 0x0000000084600000| Untracked 
|  45|0x0000000084700000, 0x0000000084700000, 0x0000000084800000|  0%| F|  |TAMS 0x0000000084700000, 0x0000000084700000| Untracked 
|  46|0x0000000084800000, 0x0000000084800000, 0x0000000084900000|  0%| F|  |TAMS 0x0000000084800000, 0x0000000084800000| Untracked 
|  47|0x0000000084900000, 0x0000000084900000, 0x0000000084a00000|  0%| F|  |TAMS 0x0000000084900000, 0x0000000084900000| Untracked 
|  48|0x0000000084a00000, 0x0000000084a00000, 0x0000000084b00000|  0%| F|  |TAMS 0x0000000084a00000, 0x0000000084a00000| Untracked 
|  49|0x0000000084b00000, 0x0000000084b00000, 0x0000000084c00000|  0%| F|  |TAMS 0x0000000084b00000, 0x0000000084b00000| Untracked 
|  50|0x0000000084c00000, 0x0000000084c00000, 0x0000000084d00000|  0%| F|  |TAMS 0x0000000084c00000, 0x0000000084c00000| Untracked 
|  51|0x0000000084d00000, 0x0000000084d00000, 0x0000000084e00000|  0%| F|  |TAMS 0x0000000084d00000, 0x0000000084d00000| Untracked 
|  52|0x0000000084e00000, 0x0000000084e00000, 0x0000000084f00000|  0%| F|  |TAMS 0x0000000084e00000, 0x0000000084e00000| Untracked 
|  53|0x0000000084f00000, 0x0000000084f00000, 0x0000000085000000|  0%| F|  |TAMS 0x0000000084f00000, 0x0000000084f00000| Untracked 
|  54|0x0000000085000000, 0x0000000085000000, 0x0000000085100000|  0%| F|  |TAMS 0x0000000085000000, 0x0000000085000000| Untracked 
|  55|0x0000000085100000, 0x0000000085100000, 0x0000000085200000|  0%| F|  |TAMS 0x0000000085100000, 0x0000000085100000| Untracked 
|  56|0x0000000085200000, 0x0000000085200000, 0x0000000085300000|  0%| F|  |TAMS 0x0000000085200000, 0x0000000085200000| Untracked 
|  57|0x0000000085300000, 0x0000000085300000, 0x0000000085400000|  0%| F|  |TAMS 0x0000000085300000, 0x0000000085300000| Untracked 
|  58|0x0000000085400000, 0x0000000085400000, 0x0000000085500000|  0%| F|  |TAMS 0x0000000085400000, 0x0000000085400000| Untracked 
|  59|0x0000000085500000, 0x0000000085500000, 0x0000000085600000|  0%| F|  |TAMS 0x0000000085500000, 0x0000000085500000| Untracked 
|  60|0x0000000085600000, 0x0000000085600000, 0x0000000085700000|  0%| F|  |TAMS 0x0000000085600000, 0x0000000085600000| Untracked 
|  61|0x0000000085700000, 0x0000000085700000, 0x0000000085800000|  0%| F|  |TAMS 0x0000000085700000, 0x0000000085700000| Untracked 
|  62|0x0000000085800000, 0x0000000085800000, 0x0000000085900000|  0%| F|  |TAMS 0x0000000085800000, 0x0000000085800000| Untracked 
|  63|0x0000000085900000, 0x0000000085900000, 0x0000000085a00000|  0%| F|  |TAMS 0x0000000085900000, 0x0000000085900000| Untracked 
|  64|0x0000000085a00000, 0x0000000085a00000, 0x0000000085b00000|  0%| F|  |TAMS 0x0000000085a00000, 0x0000000085a00000| Untracked 
|  65|0x0000000085b00000, 0x0000000085b00000, 0x0000000085c00000|  0%| F|  |TAMS 0x0000000085b00000, 0x0000000085b00000| Untracked 
|  66|0x0000000085c00000, 0x0000000085c00000, 0x0000000085d00000|  0%| F|  |TAMS 0x0000000085c00000, 0x0000000085c00000| Untracked 
|  67|0x0000000085d00000, 0x0000000085d00000, 0x0000000085e00000|  0%| F|  |TAMS 0x0000000085d00000, 0x0000000085d00000| Untracked 
|  68|0x0000000085e00000, 0x0000000085e00000, 0x0000000085f00000|  0%| F|  |TAMS 0x0000000085e00000, 0x0000000085e00000| Untracked 
|  69|0x0000000085f00000, 0x0000000085f00000, 0x0000000086000000|  0%| F|  |TAMS 0x0000000085f00000, 0x0000000085f00000| Untracked 
|  70|0x0000000086000000, 0x0000000086000000, 0x0000000086100000|  0%| F|  |TAMS 0x0000000086000000, 0x0000000086000000| Untracked 
|  71|0x0000000086100000, 0x0000000086100000, 0x0000000086200000|  0%| F|  |TAMS 0x0000000086100000, 0x0000000086100000| Untracked 
|  72|0x0000000086200000, 0x0000000086200000, 0x0000000086300000|  0%| F|  |TAMS 0x0000000086200000, 0x0000000086200000| Untracked 
|  73|0x0000000086300000, 0x0000000086300000, 0x0000000086400000|  0%| F|  |TAMS 0x0000000086300000, 0x0000000086300000| Untracked 
|  74|0x0000000086400000, 0x0000000086400000, 0x0000000086500000|  0%| F|  |TAMS 0x0000000086400000, 0x0000000086400000| Untracked 
|  75|0x0000000086500000, 0x0000000086500000, 0x0000000086600000|  0%| F|  |TAMS 0x0000000086500000, 0x0000000086500000| Untracked 
|  76|0x0000000086600000, 0x0000000086600000, 0x0000000086700000|  0%| F|  |TAMS 0x0000000086600000, 0x0000000086600000| Untracked 
|  77|0x0000000086700000, 0x0000000086700000, 0x0000000086800000|  0%| F|  |TAMS 0x0000000086700000, 0x0000000086700000| Untracked 
|  78|0x0000000086800000, 0x0000000086800000, 0x0000000086900000|  0%| F|  |TAMS 0x0000000086800000, 0x0000000086800000| Untracked 
|  79|0x0000000086900000, 0x0000000086900000, 0x0000000086a00000|  0%| F|  |TAMS 0x0000000086900000, 0x0000000086900000| Untracked 
|  80|0x0000000086a00000, 0x0000000086a00000, 0x0000000086b00000|  0%| F|  |TAMS 0x0000000086a00000, 0x0000000086a00000| Untracked 
|  81|0x0000000086b00000, 0x0000000086b00000, 0x0000000086c00000|  0%| F|  |TAMS 0x0000000086b00000, 0x0000000086b00000| Untracked 
|  82|0x0000000086c00000, 0x0000000086c00000, 0x0000000086d00000|  0%| F|  |TAMS 0x0000000086c00000, 0x0000000086c00000| Untracked 
|  83|0x0000000086d00000, 0x0000000086d00000, 0x0000000086e00000|  0%| F|  |TAMS 0x0000000086d00000, 0x0000000086d00000| Untracked 
|  84|0x0000000086e00000, 0x0000000086e00000, 0x0000000086f00000|  0%| F|  |TAMS 0x0000000086e00000, 0x0000000086e00000| Untracked 
|  85|0x0000000086f00000, 0x0000000086f00000, 0x0000000087000000|  0%| F|  |TAMS 0x0000000086f00000, 0x0000000086f00000| Untracked 
|  86|0x0000000087000000, 0x0000000087000000, 0x0000000087100000|  0%| F|  |TAMS 0x0000000087000000, 0x0000000087000000| Untracked 
|  87|0x0000000087100000, 0x0000000087100000, 0x0000000087200000|  0%| F|  |TAMS 0x0000000087100000, 0x0000000087100000| Untracked 
|  88|0x0000000087200000, 0x0000000087200000, 0x0000000087300000|  0%| F|  |TAMS 0x0000000087200000, 0x0000000087200000| Untracked 
|  89|0x0000000087300000, 0x0000000087300000, 0x0000000087400000|  0%| F|  |TAMS 0x0000000087300000, 0x0000000087300000| Untracked 
|  90|0x0000000087400000, 0x0000000087400000, 0x0000000087500000|  0%| F|  |TAMS 0x0000000087400000, 0x0000000087400000| Untracked 
|  91|0x0000000087500000, 0x0000000087500000, 0x0000000087600000|  0%| F|  |TAMS 0x0000000087500000, 0x0000000087500000| Untracked 
|  92|0x0000000087600000, 0x0000000087600000, 0x0000000087700000|  0%| F|  |TAMS 0x0000000087600000, 0x0000000087600000| Untracked 
|  93|0x0000000087700000, 0x0000000087700000, 0x0000000087800000|  0%| F|  |TAMS 0x0000000087700000, 0x0000000087700000| Untracked 
|  94|0x0000000087800000, 0x0000000087800000, 0x0000000087900000|  0%| F|  |TAMS 0x0000000087800000, 0x0000000087800000| Untracked 
|  95|0x0000000087900000, 0x0000000087900000, 0x0000000087a00000|  0%| F|  |TAMS 0x0000000087900000, 0x0000000087900000| Untracked 
|  96|0x0000000087a00000, 0x0000000087a00000, 0x0000000087b00000|  0%| F|  |TAMS 0x0000000087a00000, 0x0000000087a00000| Untracked 
|  97|0x0000000087b00000, 0x0000000087b00000, 0x0000000087c00000|  0%| F|  |TAMS 0x0000000087b00000, 0x0000000087b00000| Untracked 
|  98|0x0000000087c00000, 0x0000000087c00000, 0x0000000087d00000|  0%| F|  |TAMS 0x0000000087c00000, 0x0000000087c00000| Untracked 
|  99|0x0000000087d00000, 0x0000000087d00000, 0x0000000087e00000|  0%| F|  |TAMS 0x0000000087d00000, 0x0000000087d00000| Untracked 
| 100|0x0000000087e00000, 0x0000000087e00000, 0x0000000087f00000|  0%| F|  |TAMS 0x0000000087e00000, 0x0000000087e00000| Untracked 
| 101|0x0000000087f00000, 0x0000000087f00000, 0x0000000088000000|  0%| F|  |TAMS 0x0000000087f00000, 0x0000000087f00000| Untracked 
| 102|0x0000000088000000, 0x0000000088000000, 0x0000000088100000|  0%| F|  |TAMS 0x0000000088000000, 0x0000000088000000| Untracked 
| 103|0x0000000088100000, 0x0000000088100000, 0x0000000088200000|  0%| F|  |TAMS 0x0000000088100000, 0x0000000088100000| Untracked 
| 104|0x0000000088200000, 0x0000000088300000, 0x0000000088300000|100%| S|CS|TAMS 0x0000000088200000, 0x0000000088200000| Complete 
| 105|0x0000000088300000, 0x0000000088400000, 0x0000000088400000|100%| S|CS|TAMS 0x0000000088300000, 0x0000000088300000| Complete 
| 106|0x0000000088400000, 0x0000000088500000, 0x0000000088500000|100%| S|CS|TAMS 0x0000000088400000, 0x0000000088400000| Complete 
| 107|0x0000000088500000, 0x0000000088600000, 0x0000000088600000|100%| S|CS|TAMS 0x0000000088500000, 0x0000000088500000| Complete 
| 108|0x0000000088600000, 0x0000000088600000, 0x0000000088700000|  0%| F|  |TAMS 0x0000000088600000, 0x0000000088600000| Untracked 
| 109|0x0000000088700000, 0x0000000088700000, 0x0000000088800000|  0%| F|  |TAMS 0x0000000088700000, 0x0000000088700000| Untracked 
| 110|0x0000000088800000, 0x0000000088800000, 0x0000000088900000|  0%| F|  |TAMS 0x0000000088800000, 0x0000000088800000| Untracked 
| 111|0x0000000088900000, 0x0000000088900000, 0x0000000088a00000|  0%| F|  |TAMS 0x0000000088900000, 0x0000000088900000| Untracked 
| 112|0x0000000088a00000, 0x0000000088a00000, 0x0000000088b00000|  0%| F|  |TAMS 0x0000000088a00000, 0x0000000088a00000| Untracked 
| 113|0x0000000088b00000, 0x0000000088b00000, 0x0000000088c00000|  0%| F|  |TAMS 0x0000000088b00000, 0x0000000088b00000| Untracked 
| 114|0x0000000088c00000, 0x0000000088c00000, 0x0000000088d00000|  0%| F|  |TAMS 0x0000000088c00000, 0x0000000088c00000| Untracked 
| 115|0x0000000088d00000, 0x0000000088d00000, 0x0000000088e00000|  0%| F|  |TAMS 0x0000000088d00000, 0x0000000088d00000| Untracked 
| 116|0x0000000088e00000, 0x0000000088e00000, 0x0000000088f00000|  0%| F|  |TAMS 0x0000000088e00000, 0x0000000088e00000| Untracked 
| 117|0x0000000088f00000, 0x0000000088f00000, 0x0000000089000000|  0%| F|  |TAMS 0x0000000088f00000, 0x0000000088f00000| Untracked 
| 118|0x0000000089000000, 0x0000000089000000, 0x0000000089100000|  0%| F|  |TAMS 0x0000000089000000, 0x0000000089000000| Untracked 
| 119|0x0000000089100000, 0x0000000089100000, 0x0000000089200000|  0%| F|  |TAMS 0x0000000089100000, 0x0000000089100000| Untracked 
| 120|0x0000000089200000, 0x0000000089200000, 0x0000000089300000|  0%| F|  |TAMS 0x0000000089200000, 0x0000000089200000| Untracked 
| 121|0x0000000089300000, 0x0000000089300000, 0x0000000089400000|  0%| F|  |TAMS 0x0000000089300000, 0x0000000089300000| Untracked 
| 122|0x0000000089400000, 0x0000000089400000, 0x0000000089500000|  0%| F|  |TAMS 0x0000000089400000, 0x0000000089400000| Untracked 
| 123|0x0000000089500000, 0x0000000089500000, 0x0000000089600000|  0%| F|  |TAMS 0x0000000089500000, 0x0000000089500000| Untracked 
| 124|0x0000000089600000, 0x0000000089600000, 0x0000000089700000|  0%| F|  |TAMS 0x0000000089600000, 0x0000000089600000| Untracked 
| 125|0x0000000089700000, 0x0000000089700000, 0x0000000089800000|  0%| F|  |TAMS 0x0000000089700000, 0x0000000089700000| Untracked 
| 126|0x0000000089800000, 0x0000000089800000, 0x0000000089900000|  0%| F|  |TAMS 0x0000000089800000, 0x0000000089800000| Untracked 
| 127|0x0000000089900000, 0x0000000089900000, 0x0000000089a00000|  0%| F|  |TAMS 0x0000000089900000, 0x0000000089900000| Untracked 
| 128|0x0000000089a00000, 0x0000000089a00000, 0x0000000089b00000|  0%| F|  |TAMS 0x0000000089a00000, 0x0000000089a00000| Untracked 
| 129|0x0000000089b00000, 0x0000000089b00000, 0x0000000089c00000|  0%| F|  |TAMS 0x0000000089b00000, 0x0000000089b00000| Untracked 
| 130|0x0000000089c00000, 0x0000000089c00000, 0x0000000089d00000|  0%| F|  |TAMS 0x0000000089c00000, 0x0000000089c00000| Untracked 
| 131|0x0000000089d00000, 0x0000000089d00000, 0x0000000089e00000|  0%| F|  |TAMS 0x0000000089d00000, 0x0000000089d00000| Untracked 
| 132|0x0000000089e00000, 0x0000000089e00000, 0x0000000089f00000|  0%| F|  |TAMS 0x0000000089e00000, 0x0000000089e00000| Untracked 
| 133|0x0000000089f00000, 0x0000000089f00000, 0x000000008a000000|  0%| F|  |TAMS 0x0000000089f00000, 0x0000000089f00000| Untracked 
| 134|0x000000008a000000, 0x000000008a000000, 0x000000008a100000|  0%| F|  |TAMS 0x000000008a000000, 0x000000008a000000| Untracked 
| 135|0x000000008a100000, 0x000000008a100000, 0x000000008a200000|  0%| F|  |TAMS 0x000000008a100000, 0x000000008a100000| Untracked 
| 136|0x000000008a200000, 0x000000008a200000, 0x000000008a300000|  0%| F|  |TAMS 0x000000008a200000, 0x000000008a200000| Untracked 
| 137|0x000000008a300000, 0x000000008a300000, 0x000000008a400000|  0%| F|  |TAMS 0x000000008a300000, 0x000000008a300000| Untracked 
| 138|0x000000008a400000, 0x000000008a400000, 0x000000008a500000|  0%| F|  |TAMS 0x000000008a400000, 0x000000008a400000| Untracked 
| 139|0x000000008a500000, 0x000000008a500000, 0x000000008a600000|  0%| F|  |TAMS 0x000000008a500000, 0x000000008a500000| Untracked 
| 140|0x000000008a600000, 0x000000008a600000, 0x000000008a700000|  0%| F|  |TAMS 0x000000008a600000, 0x000000008a600000| Untracked 
| 141|0x000000008a700000, 0x000000008a700000, 0x000000008a800000|  0%| F|  |TAMS 0x000000008a700000, 0x000000008a700000| Untracked 
| 142|0x000000008a800000, 0x000000008a800000, 0x000000008a900000|  0%| F|  |TAMS 0x000000008a800000, 0x000000008a800000| Untracked 
| 143|0x000000008a900000, 0x000000008a900000, 0x000000008aa00000|  0%| F|  |TAMS 0x000000008a900000, 0x000000008a900000| Untracked 
| 144|0x000000008aa00000, 0x000000008aa00000, 0x000000008ab00000|  0%| F|  |TAMS 0x000000008aa00000, 0x000000008aa00000| Untracked 
| 145|0x000000008ab00000, 0x000000008ab00000, 0x000000008ac00000|  0%| F|  |TAMS 0x000000008ab00000, 0x000000008ab00000| Untracked 
| 146|0x000000008ac00000, 0x000000008ac00000, 0x000000008ad00000|  0%| F|  |TAMS 0x000000008ac00000, 0x000000008ac00000| Untracked 
| 147|0x000000008ad00000, 0x000000008ad00000, 0x000000008ae00000|  0%| F|  |TAMS 0x000000008ad00000, 0x000000008ad00000| Untracked 
| 148|0x000000008ae00000, 0x000000008ae00000, 0x000000008af00000|  0%| F|  |TAMS 0x000000008ae00000, 0x000000008ae00000| Untracked 
| 149|0x000000008af00000, 0x000000008af00000, 0x000000008b000000|  0%| F|  |TAMS 0x000000008af00000, 0x000000008af00000| Untracked 
| 150|0x000000008b000000, 0x000000008b000000, 0x000000008b100000|  0%| F|  |TAMS 0x000000008b000000, 0x000000008b000000| Untracked 
| 151|0x000000008b100000, 0x000000008b100000, 0x000000008b200000|  0%| F|  |TAMS 0x000000008b100000, 0x000000008b100000| Untracked 
| 152|0x000000008b200000, 0x000000008b200000, 0x000000008b300000|  0%| F|  |TAMS 0x000000008b200000, 0x000000008b200000| Untracked 
| 153|0x000000008b300000, 0x000000008b300000, 0x000000008b400000|  0%| F|  |TAMS 0x000000008b300000, 0x000000008b300000| Untracked 
| 154|0x000000008b400000, 0x000000008b400000, 0x000000008b500000|  0%| F|  |TAMS 0x000000008b400000, 0x000000008b400000| Untracked 
| 155|0x000000008b500000, 0x000000008b500000, 0x000000008b600000|  0%| F|  |TAMS 0x000000008b500000, 0x000000008b500000| Untracked 
| 156|0x000000008b600000, 0x000000008b600000, 0x000000008b700000|  0%| F|  |TAMS 0x000000008b600000, 0x000000008b600000| Untracked 
| 157|0x000000008b700000, 0x000000008b700000, 0x000000008b800000|  0%| F|  |TAMS 0x000000008b700000, 0x000000008b700000| Untracked 
| 158|0x000000008b800000, 0x000000008b800000, 0x000000008b900000|  0%| F|  |TAMS 0x000000008b800000, 0x000000008b800000| Untracked 
| 159|0x000000008b900000, 0x000000008b900000, 0x000000008ba00000|  0%| F|  |TAMS 0x000000008b900000, 0x000000008b900000| Untracked 
| 160|0x000000008ba00000, 0x000000008bb00000, 0x000000008bb00000|100%| E|  |TAMS 0x000000008ba00000, 0x000000008ba00000| Complete 
| 161|0x000000008bb00000, 0x000000008bc00000, 0x000000008bc00000|100%| E|CS|TAMS 0x000000008bb00000, 0x000000008bb00000| Complete 
| 162|0x000000008bc00000, 0x000000008bd00000, 0x000000008bd00000|100%| E|CS|TAMS 0x000000008bc00000, 0x000000008bc00000| Complete 
| 163|0x000000008bd00000, 0x000000008be00000, 0x000000008be00000|100%| E|CS|TAMS 0x000000008bd00000, 0x000000008bd00000| Complete 
| 164|0x000000008be00000, 0x000000008bf00000, 0x000000008bf00000|100%| E|CS|TAMS 0x000000008be00000, 0x000000008be00000| Complete 
| 165|0x000000008bf00000, 0x000000008c000000, 0x000000008c000000|100%| E|CS|TAMS 0x000000008bf00000, 0x000000008bf00000| Complete 
| 166|0x000000008c000000, 0x000000008c100000, 0x000000008c100000|100%| E|  |TAMS 0x000000008c000000, 0x000000008c000000| Complete 
| 167|0x000000008c100000, 0x000000008c200000, 0x000000008c200000|100%| E|CS|TAMS 0x000000008c100000, 0x000000008c100000| Complete 
| 168|0x000000008c200000, 0x000000008c300000, 0x000000008c300000|100%| E|CS|TAMS 0x000000008c200000, 0x000000008c200000| Complete 
| 169|0x000000008c300000, 0x000000008c400000, 0x000000008c400000|100%| E|CS|TAMS 0x000000008c300000, 0x000000008c300000| Complete 
| 170|0x000000008c400000, 0x000000008c500000, 0x000000008c500000|100%| E|CS|TAMS 0x000000008c400000, 0x000000008c400000| Complete 
| 171|0x000000008c500000, 0x000000008c600000, 0x000000008c600000|100%| E|CS|TAMS 0x000000008c500000, 0x000000008c500000| Complete 
| 172|0x000000008c600000, 0x000000008c700000, 0x000000008c700000|100%| E|CS|TAMS 0x000000008c600000, 0x000000008c600000| Complete 
| 173|0x000000008c700000, 0x000000008c800000, 0x000000008c800000|100%| E|CS|TAMS 0x000000008c700000, 0x000000008c700000| Complete 
| 174|0x000000008c800000, 0x000000008c900000, 0x000000008c900000|100%| E|CS|TAMS 0x000000008c800000, 0x000000008c800000| Complete 
| 175|0x000000008c900000, 0x000000008ca00000, 0x000000008ca00000|100%| E|CS|TAMS 0x000000008c900000, 0x000000008c900000| Complete 
| 176|0x000000008ca00000, 0x000000008cb00000, 0x000000008cb00000|100%| E|CS|TAMS 0x000000008ca00000, 0x000000008ca00000| Complete 
| 177|0x000000008cb00000, 0x000000008cc00000, 0x000000008cc00000|100%| E|CS|TAMS 0x000000008cb00000, 0x000000008cb00000| Complete 
| 178|0x000000008cc00000, 0x000000008cd00000, 0x000000008cd00000|100%| E|CS|TAMS 0x000000008cc00000, 0x000000008cc00000| Complete 
| 179|0x000000008cd00000, 0x000000008ce00000, 0x000000008ce00000|100%| E|CS|TAMS 0x000000008cd00000, 0x000000008cd00000| Complete 
| 180|0x000000008ce00000, 0x000000008cf00000, 0x000000008cf00000|100%| E|CS|TAMS 0x000000008ce00000, 0x000000008ce00000| Complete 
| 181|0x000000008cf00000, 0x000000008d000000, 0x000000008d000000|100%| E|CS|TAMS 0x000000008cf00000, 0x000000008cf00000| Complete 
| 182|0x000000008d000000, 0x000000008d100000, 0x000000008d100000|100%| E|CS|TAMS 0x000000008d000000, 0x000000008d000000| Complete 
| 183|0x000000008d100000, 0x000000008d200000, 0x000000008d200000|100%| E|CS|TAMS 0x000000008d100000, 0x000000008d100000| Complete 
| 184|0x000000008d200000, 0x000000008d300000, 0x000000008d300000|100%| E|CS|TAMS 0x000000008d200000, 0x000000008d200000| Complete 
| 185|0x000000008d300000, 0x000000008d400000, 0x000000008d400000|100%| E|CS|TAMS 0x000000008d300000, 0x000000008d300000| Complete 
| 186|0x000000008d400000, 0x000000008d500000, 0x000000008d500000|100%| E|CS|TAMS 0x000000008d400000, 0x000000008d400000| Complete 
| 187|0x000000008d500000, 0x000000008d600000, 0x000000008d600000|100%| E|CS|TAMS 0x000000008d500000, 0x000000008d500000| Complete 
| 188|0x000000008d600000, 0x000000008d700000, 0x000000008d700000|100%| E|CS|TAMS 0x000000008d600000, 0x000000008d600000| Complete 
| 189|0x000000008d700000, 0x000000008d800000, 0x000000008d800000|100%| E|CS|TAMS 0x000000008d700000, 0x000000008d700000| Complete 
| 190|0x000000008d800000, 0x000000008d900000, 0x000000008d900000|100%| E|CS|TAMS 0x000000008d800000, 0x000000008d800000| Complete 
| 191|0x000000008d900000, 0x000000008da00000, 0x000000008da00000|100%| E|CS|TAMS 0x000000008d900000, 0x000000008d900000| Complete 
| 192|0x000000008da00000, 0x000000008db00000, 0x000000008db00000|100%| E|CS|TAMS 0x000000008da00000, 0x000000008da00000| Complete 
| 193|0x000000008db00000, 0x000000008dc00000, 0x000000008dc00000|100%| E|CS|TAMS 0x000000008db00000, 0x000000008db00000| Complete 
| 194|0x000000008dc00000, 0x000000008dd00000, 0x000000008dd00000|100%| E|CS|TAMS 0x000000008dc00000, 0x000000008dc00000| Complete 
| 195|0x000000008dd00000, 0x000000008de00000, 0x000000008de00000|100%| E|CS|TAMS 0x000000008dd00000, 0x000000008dd00000| Complete 
| 196|0x000000008de00000, 0x000000008df00000, 0x000000008df00000|100%| E|CS|TAMS 0x000000008de00000, 0x000000008de00000| Complete 
| 197|0x000000008df00000, 0x000000008e000000, 0x000000008e000000|100%| E|CS|TAMS 0x000000008df00000, 0x000000008df00000| Complete 
| 198|0x000000008e000000, 0x000000008e100000, 0x000000008e100000|100%| E|CS|TAMS 0x000000008e000000, 0x000000008e000000| Complete 
| 199|0x000000008e100000, 0x000000008e200000, 0x000000008e200000|100%| E|CS|TAMS 0x000000008e100000, 0x000000008e100000| Complete 
| 200|0x000000008e200000, 0x000000008e300000, 0x000000008e300000|100%| E|CS|TAMS 0x000000008e200000, 0x000000008e200000| Complete 
| 201|0x000000008e300000, 0x000000008e400000, 0x000000008e400000|100%| E|CS|TAMS 0x000000008e300000, 0x000000008e300000| Complete 
| 202|0x000000008e400000, 0x000000008e500000, 0x000000008e500000|100%| E|CS|TAMS 0x000000008e400000, 0x000000008e400000| Complete 
| 203|0x000000008e500000, 0x000000008e600000, 0x000000008e600000|100%| E|CS|TAMS 0x000000008e500000, 0x000000008e500000| Complete 
| 204|0x000000008e600000, 0x000000008e700000, 0x000000008e700000|100%| E|CS|TAMS 0x000000008e600000, 0x000000008e600000| Complete 
| 205|0x000000008e700000, 0x000000008e800000, 0x000000008e800000|100%| E|CS|TAMS 0x000000008e700000, 0x000000008e700000| Complete 
| 206|0x000000008e800000, 0x000000008e900000, 0x000000008e900000|100%| E|CS|TAMS 0x000000008e800000, 0x000000008e800000| Complete 
| 207|0x000000008e900000, 0x000000008ea00000, 0x000000008ea00000|100%| E|CS|TAMS 0x000000008e900000, 0x000000008e900000| Complete 
| 208|0x000000008ea00000, 0x000000008eb00000, 0x000000008eb00000|100%| E|CS|TAMS 0x000000008ea00000, 0x000000008ea00000| Complete 
| 209|0x000000008eb00000, 0x000000008ec00000, 0x000000008ec00000|100%| E|CS|TAMS 0x000000008eb00000, 0x000000008eb00000| Complete 
| 210|0x000000008ec00000, 0x000000008ed00000, 0x000000008ed00000|100%| E|CS|TAMS 0x000000008ec00000, 0x000000008ec00000| Complete 
| 211|0x000000008ed00000, 0x000000008ee00000, 0x000000008ee00000|100%| E|CS|TAMS 0x000000008ed00000, 0x000000008ed00000| Complete 
| 212|0x000000008ee00000, 0x000000008ef00000, 0x000000008ef00000|100%| E|CS|TAMS 0x000000008ee00000, 0x000000008ee00000| Complete 
| 213|0x000000008ef00000, 0x000000008f000000, 0x000000008f000000|100%| E|CS|TAMS 0x000000008ef00000, 0x000000008ef00000| Complete 
| 214|0x000000008f000000, 0x000000008f100000, 0x000000008f100000|100%| E|CS|TAMS 0x000000008f000000, 0x000000008f000000| Complete 
| 215|0x000000008f100000, 0x000000008f200000, 0x000000008f200000|100%| E|CS|TAMS 0x000000008f100000, 0x000000008f100000| Complete 
| 216|0x000000008f200000, 0x000000008f300000, 0x000000008f300000|100%| E|CS|TAMS 0x000000008f200000, 0x000000008f200000| Complete 
| 217|0x000000008f300000, 0x000000008f400000, 0x000000008f400000|100%| E|CS|TAMS 0x000000008f300000, 0x000000008f300000| Complete 
| 218|0x000000008f400000, 0x000000008f500000, 0x000000008f500000|100%| E|CS|TAMS 0x000000008f400000, 0x000000008f400000| Complete 
| 219|0x000000008f500000, 0x000000008f600000, 0x000000008f600000|100%| E|CS|TAMS 0x000000008f500000, 0x000000008f500000| Complete 
| 220|0x000000008f600000, 0x000000008f700000, 0x000000008f700000|100%| E|CS|TAMS 0x000000008f600000, 0x000000008f600000| Complete 
| 221|0x000000008f700000, 0x000000008f800000, 0x000000008f800000|100%| E|CS|TAMS 0x000000008f700000, 0x000000008f700000| Complete 
| 222|0x000000008f800000, 0x000000008f900000, 0x000000008f900000|100%| E|CS|TAMS 0x000000008f800000, 0x000000008f800000| Complete 
| 223|0x000000008f900000, 0x000000008fa00000, 0x000000008fa00000|100%| E|CS|TAMS 0x000000008f900000, 0x000000008f900000| Complete 
| 224|0x000000008fa00000, 0x000000008fb00000, 0x000000008fb00000|100%| E|CS|TAMS 0x000000008fa00000, 0x000000008fa00000| Complete 
| 225|0x000000008fb00000, 0x000000008fc00000, 0x000000008fc00000|100%| E|CS|TAMS 0x000000008fb00000, 0x000000008fb00000| Complete 
| 226|0x000000008fc00000, 0x000000008fd00000, 0x000000008fd00000|100%| E|CS|TAMS 0x000000008fc00000, 0x000000008fc00000| Complete 
| 227|0x000000008fd00000, 0x000000008fe00000, 0x000000008fe00000|100%| E|CS|TAMS 0x000000008fd00000, 0x000000008fd00000| Complete 
| 228|0x000000008fe00000, 0x000000008ff00000, 0x000000008ff00000|100%| E|CS|TAMS 0x000000008fe00000, 0x000000008fe00000| Complete 
| 229|0x000000008ff00000, 0x0000000090000000, 0x0000000090000000|100%| E|CS|TAMS 0x000000008ff00000, 0x000000008ff00000| Complete 
| 230|0x0000000090000000, 0x0000000090100000, 0x0000000090100000|100%| E|CS|TAMS 0x0000000090000000, 0x0000000090000000| Complete 
| 231|0x0000000090100000, 0x0000000090200000, 0x0000000090200000|100%| E|CS|TAMS 0x0000000090100000, 0x0000000090100000| Complete 
| 232|0x0000000090200000, 0x0000000090300000, 0x0000000090300000|100%| E|CS|TAMS 0x0000000090200000, 0x0000000090200000| Complete 
| 233|0x0000000090300000, 0x0000000090400000, 0x0000000090400000|100%| E|CS|TAMS 0x0000000090300000, 0x0000000090300000| Complete 
| 234|0x0000000090400000, 0x0000000090500000, 0x0000000090500000|100%| E|CS|TAMS 0x0000000090400000, 0x0000000090400000| Complete 
| 235|0x0000000090500000, 0x0000000090600000, 0x0000000090600000|100%| E|CS|TAMS 0x0000000090500000, 0x0000000090500000| Complete 
| 236|0x0000000090600000, 0x0000000090700000, 0x0000000090700000|100%| E|CS|TAMS 0x0000000090600000, 0x0000000090600000| Complete 
| 237|0x0000000090700000, 0x0000000090800000, 0x0000000090800000|100%| E|CS|TAMS 0x0000000090700000, 0x0000000090700000| Complete 
| 238|0x0000000090800000, 0x0000000090900000, 0x0000000090900000|100%| E|CS|TAMS 0x0000000090800000, 0x0000000090800000| Complete 
| 239|0x0000000090900000, 0x0000000090a00000, 0x0000000090a00000|100%| E|CS|TAMS 0x0000000090900000, 0x0000000090900000| Complete 
| 240|0x0000000090a00000, 0x0000000090b00000, 0x0000000090b00000|100%| E|CS|TAMS 0x0000000090a00000, 0x0000000090a00000| Complete 
| 241|0x0000000090b00000, 0x0000000090c00000, 0x0000000090c00000|100%| E|CS|TAMS 0x0000000090b00000, 0x0000000090b00000| Complete 
| 242|0x0000000090c00000, 0x0000000090d00000, 0x0000000090d00000|100%| E|CS|TAMS 0x0000000090c00000, 0x0000000090c00000| Complete 
| 243|0x0000000090d00000, 0x0000000090e00000, 0x0000000090e00000|100%| E|CS|TAMS 0x0000000090d00000, 0x0000000090d00000| Complete 
| 244|0x0000000090e00000, 0x0000000090f00000, 0x0000000090f00000|100%| E|CS|TAMS 0x0000000090e00000, 0x0000000090e00000| Complete 
| 245|0x0000000090f00000, 0x0000000091000000, 0x0000000091000000|100%| E|CS|TAMS 0x0000000090f00000, 0x0000000090f00000| Complete 
| 246|0x0000000091000000, 0x0000000091100000, 0x0000000091100000|100%| E|CS|TAMS 0x0000000091000000, 0x0000000091000000| Complete 
| 247|0x0000000091100000, 0x0000000091200000, 0x0000000091200000|100%| E|CS|TAMS 0x0000000091100000, 0x0000000091100000| Complete 
| 248|0x0000000091200000, 0x0000000091300000, 0x0000000091300000|100%| E|CS|TAMS 0x0000000091200000, 0x0000000091200000| Complete 
| 249|0x0000000091300000, 0x0000000091400000, 0x0000000091400000|100%| E|CS|TAMS 0x0000000091300000, 0x0000000091300000| Complete 
| 250|0x0000000091400000, 0x0000000091500000, 0x0000000091500000|100%| E|CS|TAMS 0x0000000091400000, 0x0000000091400000| Complete 
| 251|0x0000000091500000, 0x0000000091600000, 0x0000000091600000|100%| E|CS|TAMS 0x0000000091500000, 0x0000000091500000| Complete 
| 252|0x0000000091600000, 0x0000000091700000, 0x0000000091700000|100%| E|CS|TAMS 0x0000000091600000, 0x0000000091600000| Complete 
| 253|0x0000000091700000, 0x0000000091800000, 0x0000000091800000|100%| E|CS|TAMS 0x0000000091700000, 0x0000000091700000| Complete 
| 254|0x0000000091800000, 0x0000000091900000, 0x0000000091900000|100%| E|CS|TAMS 0x0000000091800000, 0x0000000091800000| Complete 
| 255|0x0000000091900000, 0x0000000091a00000, 0x0000000091a00000|100%| E|CS|TAMS 0x0000000091900000, 0x0000000091900000| Complete 

Card table byte_map: [0x0000005b53000000,0x0000005b53400000] _byte_map_base: 0x0000005b52bf3000

Marking Bits (Prev, Next): (CMBitMap*) 0x0000005b3c1c8290, (CMBitMap*) 0x0000005b3c1c82d0
 Prev Bits: [0x0000005b53800000, 0x0000005b55798000)
 Next Bits: [0x0000005b557a0000, 0x0000005b57738000)

Polling page: 0x0000005b3a090000

Metaspace:

Usage:
  Non-class:     13.82 MB used.
      Class:      1.86 MB used.
       Both:     15.69 MB used.

Virtual space:
  Non-class space:       16.00 MB reserved,      13.94 MB ( 87%) committed,  2 nodes.
      Class space:        1.00 GB reserved,       2.00 MB ( <1%) committed,  1 nodes.
              Both:        1.02 GB reserved,      15.94 MB (  2%) committed. 

Chunk freelists:
   Non-Class:  1.69 MB
       Class:  2.02 MB
        Both:  3.70 MB

MaxMetaspaceSize: 17179869184.00 GB
CompressedClassSpaceSize: 1.00 GB
 - commit_granule_bytes: 65536.
 - commit_granule_words: 8192.
 - virtual_space_node_default_size: 1048576.
 - enlarge_chunks_in_place: 1.
 - new_chunks_are_fully_committed: 0.
 - uncommit_free_chunks: 1.
 - use_allocation_guard: 0.
 - handle_deallocations: 1.


Internal statistics:

num_allocs_failed_limit: 0.
num_arena_births: 184.
num_arena_deaths: 0.
num_vsnodes_births: 3.
num_vsnodes_deaths: 0.
num_space_committed: 255.
num_space_uncommitted: 0.
num_chunks_returned_to_freelist: 0.
num_chunks_taken_from_freelist: 657.
num_chunk_merges: 0.
num_chunk_splits: 468.
num_chunks_enlarged: 381.
num_purges: 0.

CodeHeap 'non-profiled nmethods': size=120000Kb used=1401Kb max_used=1401Kb free=118598Kb
 bounds [0x0000005b4b3a0000, 0x0000005b4b610000, 0x0000005b528d0000]
CodeHeap 'profiled nmethods': size=120000Kb used=4799Kb max_used=4799Kb free=115200Kb
 bounds [0x0000005b43e70000, 0x0000005b44320000, 0x0000005b4b3a0000]
CodeHeap 'non-nmethods': size=5760Kb used=1206Kb max_used=1255Kb free=4553Kb
 bounds [0x0000005b438d0000, 0x0000005b43b40000, 0x0000005b43e70000]
 total_blobs=2906 nmethods=2410 adapters=408
 compilation: enabled
              stopped_count=0, restarted_count=0
 full_count=0

Compilation events (20 events):
Event: 2.088 Thread 0x0000005b5a48a740 2359       3       org.springframework.core.type.classreading.SimpleMethodMetadataReadingVisitor$$Lambda$315/0x0000000800deb188::<init> (10 bytes)
Event: 2.089 Thread 0x0000005b5a48a740 nmethod 2359 0x0000005b442fb310 code [0x0000005b442fb4c0, 0x0000005b442fb678]
Event: 2.091 Thread 0x0000005b5a479470 nmethod 2353 0x0000005b4b4e8c90 code [0x0000005b4b4e8e80, 0x0000005b4b4ea1e8]
Event: 2.091 Thread 0x0000005b5a479470 2357       4       java.lang.CharacterDataLatin1::digit (32 bytes)
Event: 2.092 Thread 0x0000005b5a479470 nmethod 2357 0x0000005b4b4eac90 code [0x0000005b4b4eae20, 0x0000005b4b4eaf18]
Event: 2.092 Thread 0x0000005b5a479470 2360       4       java.util.ImmutableCollections$List12::get (35 bytes)
Event: 2.092 Thread 0x0000005b5a479470 nmethod 2360 0x0000005b4b4eb010 code [0x0000005b4b4eb1a0, 0x0000005b4b4eb268]
Event: 2.093 Thread 0x0000005b5a479470 2361       4       org.springframework.core.type.classreading.SimpleAnnotationMetadataReadingVisitor::toClassName (5 bytes)
Event: 2.103 Thread 0x0000005b5a479470 nmethod 2361 0x0000005b4b4eb310 code [0x0000005b4b4eb4c0, 0x0000005b4b4eb9d8]
Event: 2.103 Thread 0x0000005b5a479470 2362       4       org.springframework.context.annotation.ClassPathScanningCandidateComponentProvider::getMetadataReaderFactory (23 bytes)
Event: 2.104 Thread 0x0000005b5a479470 nmethod 2362 0x0000005b4b4ebd10 code [0x0000005b4b4ebea0, 0x0000005b4b4ebf38]
Event: 2.104 Thread 0x0000005b5a479470 2363       4       java.nio.ByteBuffer::position (6 bytes)
Event: 2.105 Thread 0x0000005b5a479470 nmethod 2363 0x0000005b4b4ec010 code [0x0000005b4b4ec1a0, 0x0000005b4b4ec298]
Event: 2.105 Thread 0x0000005b5a479470 2364       4       java.nio.ByteBuffer::<init> (47 bytes)
Event: 2.107 Thread 0x0000005b5a479470 nmethod 2364 0x0000005b4b4ec390 code [0x0000005b4b4ec520, 0x0000005b4b4ec7f8]
Event: 2.111 Thread 0x0000005b5a479470 2365       4       java.nio.CharBuffer::position (6 bytes)
Event: 2.111 Thread 0x0000005b5a479470 nmethod 2365 0x0000005b4b4ec990 code [0x0000005b4b4ecb20, 0x0000005b4b4ecbf8]
Event: 2.116 Thread 0x0000005b5a479470 2366       4       org.springframework.asm.ClassReader::readMethod (1055 bytes)
Event: 2.118 Thread 0x0000005b5a48a740 2367 % !   3       java.util.concurrent.ConcurrentHashMap::transfer @ 96 (849 bytes)
Event: 2.121 Thread 0x0000005b5a48a740 nmethod 2367% 0x0000005b442fb710 code [0x0000005b442fbb80, 0x0000005b442fe518]

GC Heap History (16 events):
Event: 0.624 GC heap before
{Heap before GC invocations=0 (full 0):
 garbage-first heap   total 131072K, used 23552K [0x0000000081a00000, 0x0000000100000000)
  region size 1024K, 23 young (23552K), 0 survivors (0K)
 Metaspace       used 4635K, committed 4800K, reserved 1056768K
  class space    used 486K, committed 576K, reserved 1048576K
}
Event: 0.630 GC heap after
{Heap after GC invocations=1 (full 0):
 garbage-first heap   total 131072K, used 6471K [0x0000000081a00000, 0x0000000100000000)
  region size 1024K, 3 young (3072K), 3 survivors (3072K)
 Metaspace       used 4635K, committed 4800K, reserved 1056768K
  class space    used 486K, committed 576K, reserved 1048576K
}
Event: 0.640 GC heap before
{Heap before GC invocations=1 (full 0):
 garbage-first heap   total 131072K, used 34119K [0x0000000081a00000, 0x0000000100000000)
  region size 1024K, 31 young (31744K), 3 survivors (3072K)
 Metaspace       used 4635K, committed 4800K, reserved 1056768K
  class space    used 486K, committed 576K, reserved 1048576K
}
Event: 0.643 GC heap after
{Heap after GC invocations=2 (full 0):
 garbage-first heap   total 131072K, used 6699K [0x0000000081a00000, 0x0000000100000000)
  region size 1024K, 1 young (1024K), 1 survivors (1024K)
 Metaspace       used 4635K, committed 4800K, reserved 1056768K
  class space    used 486K, committed 576K, reserved 1048576K
}
Event: 1.648 GC heap before
{Heap before GC invocations=2 (full 0):
 garbage-first heap   total 131072K, used 82475K [0x0000000081a00000, 0x0000000100000000)
  region size 1024K, 76 young (77824K), 1 survivors (1024K)
 Metaspace       used 15608K, committed 15872K, reserved 1064960K
  class space    used 1864K, committed 1984K, reserved 1048576K
}
Event: 1.651 GC heap after
{Heap after GC invocations=3 (full 0):
 garbage-first heap   total 131072K, used 10258K [0x0000000081a00000, 0x0000000100000000)
  region size 1024K, 4 young (4096K), 4 survivors (4096K)
 Metaspace       used 15608K, committed 15872K, reserved 1064960K
  class space    used 1864K, committed 1984K, reserved 1048576K
}
Event: 1.706 GC heap before
{Heap before GC invocations=3 (full 0):
 garbage-first heap   total 131072K, used 83986K [0x0000000081a00000, 0x0000000100000000)
  region size 1024K, 76 young (77824K), 4 survivors (4096K)
 Metaspace       used 15679K, committed 15872K, reserved 1064960K
  class space    used 1865K, committed 1984K, reserved 1048576K
}
Event: 1.709 GC heap after
{Heap after GC invocations=4 (full 0):
 garbage-first heap   total 131072K, used 10385K [0x0000000081a00000, 0x0000000100000000)
  region size 1024K, 4 young (4096K), 4 survivors (4096K)
 Metaspace       used 15679K, committed 15872K, reserved 1064960K
  class space    used 1865K, committed 1984K, reserved 1048576K
}
Event: 1.759 GC heap before
{Heap before GC invocations=4 (full 0):
 garbage-first heap   total 131072K, used 84113K [0x0000000081a00000, 0x0000000100000000)
  region size 1024K, 76 young (77824K), 4 survivors (4096K)
 Metaspace       used 15706K, committed 15936K, reserved 1064960K
  class space    used 1866K, committed 1984K, reserved 1048576K
}
Event: 1.762 GC heap after
{Heap after GC invocations=5 (full 0):
 garbage-first heap   total 131072K, used 10574K [0x0000000081a00000, 0x0000000100000000)
  region size 1024K, 4 young (4096K), 4 survivors (4096K)
 Metaspace       used 15706K, committed 15936K, reserved 1064960K
  class space    used 1866K, committed 1984K, reserved 1048576K
}
Event: 1.819 GC heap before
{Heap before GC invocations=5 (full 0):
 garbage-first heap   total 131072K, used 84302K [0x0000000081a00000, 0x0000000100000000)
  region size 1024K, 76 young (77824K), 4 survivors (4096K)
 Metaspace       used 15743K, committed 16000K, reserved 1064960K
  class space    used 1867K, committed 1984K, reserved 1048576K
}
Event: 1.822 GC heap after
{Heap after GC invocations=6 (full 0):
 garbage-first heap   total 131072K, used 10629K [0x0000000081a00000, 0x0000000100000000)
  region size 1024K, 4 young (4096K), 4 survivors (4096K)
 Metaspace       used 15743K, committed 16000K, reserved 1064960K
  class space    used 1867K, committed 1984K, reserved 1048576K
}
Event: 1.871 GC heap before
{Heap before GC invocations=6 (full 0):
 garbage-first heap   total 131072K, used 84357K [0x0000000081a00000, 0x0000000100000000)
  region size 1024K, 76 young (77824K), 4 survivors (4096K)
 Metaspace       used 15754K, committed 16000K, reserved 1064960K
  class space    used 1869K, committed 1984K, reserved 1048576K
}
Event: 1.873 GC heap after
{Heap after GC invocations=7 (full 0):
 garbage-first heap   total 262144K, used 10849K [0x0000000081a00000, 0x0000000100000000)
  region size 1024K, 5 young (5120K), 5 survivors (5120K)
 Metaspace       used 15754K, committed 16000K, reserved 1064960K
  class space    used 1869K, committed 1984K, reserved 1048576K
}
Event: 2.016 GC heap before
{Heap before GC invocations=7 (full 0):
 garbage-first heap   total 262144K, used 162401K [0x0000000081a00000, 0x0000000100000000)
  region size 1024K, 153 young (156672K), 5 survivors (5120K)
 Metaspace       used 15764K, committed 16000K, reserved 1064960K
  class space    used 1870K, committed 1984K, reserved 1048576K
}
Event: 2.018 GC heap after
{Heap after GC invocations=8 (full 0):
 garbage-first heap   total 262144K, used 10730K [0x0000000081a00000, 0x0000000100000000)
  region size 1024K, 4 young (4096K), 4 survivors (4096K)
 Metaspace       used 15764K, committed 16000K, reserved 1064960K
  class space    used 1870K, committed 1984K, reserved 1048576K
}

Deoptimization events (20 events):
Event: 1.840 Thread 0x0000005b5c0cf640 DEOPT PACKING pc=0x0000005b4401bd74 sp=0x0000005b5faccc00
Event: 1.840 Thread 0x0000005b5c0cf640 DEOPT UNPACKING pc=0x0000005b4391dece sp=0x0000005b5facc180 mode 0
Event: 1.842 Thread 0x0000005b5c0cf640 DEOPT PACKING pc=0x0000005b43ec4f4b sp=0x0000005b5facd190
Event: 1.842 Thread 0x0000005b5c0cf640 DEOPT UNPACKING pc=0x0000005b4391dece sp=0x0000005b5facc6b0 mode 0
Event: 1.865 Thread 0x0000005b5c0cf640 DEOPT PACKING pc=0x0000005b44027872 sp=0x0000005b5facd250
Event: 1.865 Thread 0x0000005b5c0cf640 DEOPT UNPACKING pc=0x0000005b4391dece sp=0x0000005b5facc800 mode 0
Event: 1.918 Thread 0x0000005b5c0cf640 DEOPT PACKING pc=0x0000005b442437c7 sp=0x0000005b5faccec0
Event: 1.918 Thread 0x0000005b5c0cf640 DEOPT UNPACKING pc=0x0000005b4391dece sp=0x0000005b5facc388 mode 0
Event: 1.924 Thread 0x0000005b5c0cf640 Uncommon trap: trap_request=0xffffffcc fr.pc=0x0000005b4b4d03b0 relative=0x0000000000000290
Event: 1.924 Thread 0x0000005b5c0cf640 Uncommon trap: reason=intrinsic_or_type_checked_inlining action=make_not_entrant pc=0x0000005b4b4d03b0 method=java.util.ArrayList.toArray([Ljava/lang/Object;)[Ljava/lang/Object; @ 36 c2
Event: 1.924 Thread 0x0000005b5c0cf640 DEOPT PACKING pc=0x0000005b4b4d03b0 sp=0x0000005b5facd400
Event: 1.924 Thread 0x0000005b5c0cf640 DEOPT UNPACKING pc=0x0000005b4391d72e sp=0x0000005b5facd3a0 mode 2
Event: 1.992 Thread 0x0000005b5c0cf640 Uncommon trap: trap_request=0xffffffdc fr.pc=0x0000005b4b4d8fdc relative=0x000000000000023c
Event: 1.992 Thread 0x0000005b5c0cf640 Uncommon trap: reason=class_check action=make_not_entrant pc=0x0000005b4b4d8fdc method=java.util.ArrayList.toArray([Ljava/lang/Object;)[Ljava/lang/Object; @ 21 c2
Event: 1.992 Thread 0x0000005b5c0cf640 DEOPT PACKING pc=0x0000005b4b4d8fdc sp=0x0000005b5facd350
Event: 1.992 Thread 0x0000005b5c0cf640 DEOPT UNPACKING pc=0x0000005b4391d72e sp=0x0000005b5facd320 mode 2
Event: 2.051 Thread 0x0000005b5c0cf640 Uncommon trap: trap_request=0xffffff45 fr.pc=0x0000005b4b4d4a68 relative=0x0000000000001628
Event: 2.051 Thread 0x0000005b5c0cf640 Uncommon trap: reason=unstable_if action=reinterpret pc=0x0000005b4b4d4a68 method=org.springframework.asm.ClassReader.readMethod(Lorg/springframework/asm/ClassVisitor;Lorg/springframework/asm/Context;I)I @ 313 c2
Event: 2.051 Thread 0x0000005b5c0cf640 DEOPT PACKING pc=0x0000005b4b4d4a68 sp=0x0000005b5facd4a0
Event: 2.051 Thread 0x0000005b5c0cf640 DEOPT UNPACKING pc=0x0000005b4391d72e sp=0x0000005b5facd428 mode 2

Classes unloaded (0 events):
No events

Classes redefined (0 events):
No events

Internal exceptions (20 events):
Event: 1.243 Thread 0x0000005b5c0cf640 Exception <a 'java/lang/ClassNotFoundException'{0x0000000086a87048}: org/springframework/context/annotation/ConfigurationClassPostProcessorCustomizer> (0x0000000086a87048) 
thrown [t:\workspace\open\src\hotspot\share\classfile\systemDictionary.cpp, line 256]
Event: 1.272 Thread 0x0000005b5c0cf640 Exception <a 'java/lang/ClassNotFoundException'{0x0000000086aa5e30}: org/springframework/beans/factory/support/BeanDefinitionRegistryPostProcessorCustomizer> (0x0000000086aa5e30) 
thrown [t:\workspace\open\src\hotspot\share\classfile\systemDictionary.cpp, line 256]
Event: 1.293 Thread 0x0000005b5c0cf640 Exception <a 'java/lang/ClassNotFoundException'{0x0000000086aab908}: org/springframework/beans/factory/config/BeanFactoryPostProcessorCustomizer> (0x0000000086aab908) 
thrown [t:\workspace\open\src\hotspot\share\classfile\systemDictionary.cpp, line 256]
Event: 1.294 Thread 0x0000005b5c0cf640 Exception <a 'java/lang/ClassNotFoundException'{0x0000000086ab10e8}: org/springframework/core/PriorityOrderedCustomizer> (0x0000000086ab10e8) 
thrown [t:\workspace\open\src\hotspot\share\classfile\systemDictionary.cpp, line 256]
Event: 1.294 Thread 0x0000005b5c0cf640 Exception <a 'java/lang/ClassNotFoundException'{0x0000000086ab54c8}: org/springframework/core/OrderedCustomizer> (0x0000000086ab54c8) 
thrown [t:\workspace\open\src\hotspot\share\classfile\systemDictionary.cpp, line 256]
Event: 1.294 Thread 0x0000005b5c0cf640 Exception <a 'java/lang/ClassNotFoundException'{0x0000000086abab20}: org/springframework/context/ResourceLoaderAwareCustomizer> (0x0000000086abab20) 
thrown [t:\workspace\open\src\hotspot\share\classfile\systemDictionary.cpp, line 256]
Event: 1.295 Thread 0x0000005b5c0cf640 Exception <a 'java/lang/ClassNotFoundException'{0x0000000086ac0268}: org/springframework/beans/factory/AwareCustomizer> (0x0000000086ac0268) 
thrown [t:\workspace\open\src\hotspot\share\classfile\systemDictionary.cpp, line 256]
Event: 1.295 Thread 0x0000005b5c0cf640 Exception <a 'java/lang/ClassNotFoundException'{0x0000000086ac4a00}: org/springframework/context/ApplicationStartupAwareCustomizer> (0x0000000086ac4a00) 
thrown [t:\workspace\open\src\hotspot\share\classfile\systemDictionary.cpp, line 256]
Event: 1.295 Thread 0x0000005b5c0cf640 Exception <a 'java/lang/ClassNotFoundException'{0x0000000086aca3c0}: org/springframework/beans/factory/AwareCustomizer> (0x0000000086aca3c0) 
thrown [t:\workspace\open\src\hotspot\share\classfile\systemDictionary.cpp, line 256]
Event: 1.296 Thread 0x0000005b5c0cf640 Exception <a 'java/lang/ClassNotFoundException'{0x0000000086aceba0}: org/springframework/beans/factory/BeanClassLoaderAwareCustomizer> (0x0000000086aceba0) 
thrown [t:\workspace\open\src\hotspot\share\classfile\systemDictionary.cpp, line 256]
Event: 1.296 Thread 0x0000005b5c0cf640 Exception <a 'java/lang/ClassNotFoundException'{0x0000000086ad4300}: org/springframework/beans/factory/AwareCustomizer> (0x0000000086ad4300) 
thrown [t:\workspace\open\src\hotspot\share\classfile\systemDictionary.cpp, line 256]
Event: 1.296 Thread 0x0000005b5c0cf640 Exception <a 'java/lang/ClassNotFoundException'{0x0000000086ad8880}: org/springframework/context/EnvironmentAwareCustomizer> (0x0000000086ad8880) 
thrown [t:\workspace\open\src\hotspot\share\classfile\systemDictionary.cpp, line 256]
Event: 1.297 Thread 0x0000005b5c0cf640 Exception <a 'java/lang/ClassNotFoundException'{0x0000000086addf58}: org/springframework/beans/factory/AwareCustomizer> (0x0000000086addf58) 
thrown [t:\workspace\open\src\hotspot\share\classfile\systemDictionary.cpp, line 256]
Event: 1.312 Thread 0x0000005b5e7dbeb0 Exception <a 'java/lang/NoSuchMethodError'{0x00000000868bbc88}: 'long java.lang.invoke.DirectMethodHandle$Holder.invokeSpecial(java.lang.Object, java.lang.Object)'> (0x00000000868bbc88) 
thrown [t:\workspace\open\src\hotspot\share\interpreter\linkResolver.cpp, line 790]
Event: 1.314 Thread 0x0000005b5e7dbeb0 Exception <a 'java/lang/NoSuchMethodError'{0x00000000868c6e00}: 'long java.lang.invoke.DirectMethodHandle$Holder.invokeStatic(java.lang.Object, java.lang.Object)'> (0x00000000868c6e00) 
thrown [t:\workspace\open\src\hotspot\share\interpreter\linkResolver.cpp, line 790]
Event: 1.314 Thread 0x0000005b5e7dbeb0 Exception <a 'java/lang/NoSuchMethodError'{0x00000000868ca5e0}: 'long java.lang.invoke.DirectMethodHandle$Holder.invokeStaticInit(java.lang.Object, java.lang.Object)'> (0x00000000868ca5e0) 
thrown [t:\workspace\open\src\hotspot\share\interpreter\linkResolver.cpp, line 790]
Event: 1.315 Thread 0x0000005b5c0cf640 Exception <a 'java/lang/NoSuchMethodError'{0x0000000086742748}: 'java.lang.Object java.lang.invoke.DirectMethodHandle$Holder.invokeVirtual(java.lang.Object, java.lang.Object, java.lang.Object)'> (0x0000000086742748) 
thrown [t:\workspace\open\src\hotspot\share\interpreter\linkResolver.cpp, line 790]
Event: 1.316 Thread 0x0000005b5e7dbeb0 Exception <a 'java/lang/NoSuchMethodError'{0x00000000868d8478}: 'long java.lang.invoke.DirectMethodHandle$Holder.invokeInterface(java.lang.Object, java.lang.Object)'> (0x00000000868d8478) 
thrown [t:\workspace\open\src\hotspot\share\interpreter\linkResolver.cpp, line 790]
Event: 1.316 Thread 0x0000005b5e7dbeb0 Exception <a 'java/lang/IncompatibleClassChangeError'{0x00000000868dbbd8}: Found class java.lang.Object, but interface was expected> (0x00000000868dbbd8) 
thrown [t:\workspace\open\src\hotspot\share\interpreter\linkResolver.cpp, line 857]
Event: 1.329 Thread 0x0000005b5e7dbeb0 Exception <a 'java/lang/NoSuchMethodError'{0x00000000867d3510}: 'java.lang.Object java.lang.invoke.DirectMethodHandle$Holder.invokeVirtual(java.lang.Object, java.lang.Object, java.lang.Object, java.lang.Object)'> (0x00000000867d3510) 
thrown [t:\workspace\open\src\hotspot\share\interpreter\linkResolver.cpp, line 790]

Events (20 events):
Event: 1.319 loading class java/util/regex/Pattern$Prolog done
Event: 1.333 Thread 0x0000005b5e7dbeb0 Thread exited: 0x0000005b5e7dbeb0
Event: 1.390 loading class java/lang/AssertionError
Event: 1.390 loading class java/lang/AssertionError done
Event: 1.629 Executing  VM operation: ICBufferFull
Event: 1.629 Executing  VM operation: ICBufferFull done
Event: 1.648 Executing  VM operation: G1CollectForAllocation
Event: 1.651 Executing  VM operation: G1CollectForAllocation done
Event: 1.706 Executing  VM operation: G1CollectForAllocation
Event: 1.709 Executing  VM operation: G1CollectForAllocation done
Event: 1.759 Executing  VM operation: G1CollectForAllocation
Event: 1.762 Executing  VM operation: G1CollectForAllocation done
Event: 1.819 Executing  VM operation: G1CollectForAllocation
Event: 1.822 Executing  VM operation: G1CollectForAllocation done
Event: 1.870 Executing  VM operation: G1CollectForAllocation
Event: 1.873 Executing  VM operation: G1CollectForAllocation done
Event: 1.888 loading class jdk/internal/access/foreign/MemorySegmentProxy
Event: 1.888 loading class jdk/internal/access/foreign/MemorySegmentProxy done
Event: 2.016 Executing  VM operation: G1CollectForAllocation
Event: 2.018 Executing  VM operation: G1CollectForAllocation done


Dynamic libraries:
0x00007ff63da40000 - 0x00007ff63da50000 	C:\Program Files\Java\jdk-16.0.1\bin\java.exe
0x00007ff86fa00000 - 0x00007ff86fbac000 	C:\Windows\SYSTEM32\ntdll.dll
0x00007ff86e780000 - 0x00007ff86e8ba000 	C:\Windows\system32\KERNEL32.DLL
0x00007ff86ce40000 - 0x00007ff86cf4f000 	C:\Windows\system32\KERNELBASE.dll
0x00007ff856210000 - 0x00007ff856228000 	C:\Program Files\Java\jdk-16.0.1\bin\jli.dll
0x00007ff853160000 - 0x00007ff853179000 	C:\Program Files\Java\jdk-16.0.1\bin\VCRUNTIME140.dll
0x00007ff85b330000 - 0x00007ff85b334000 	C:\Program Files\Java\jdk-16.0.1\bin\api-ms-win-crt-stdio-l1-1-0.dll
0x00007ff856640000 - 0x00007ff856644000 	C:\Program Files\Java\jdk-16.0.1\bin\api-ms-win-crt-runtime-l1-1-0.dll
0x00007ff856440000 - 0x00007ff856443000 	C:\Program Files\Java\jdk-16.0.1\bin\api-ms-win-crt-environment-l1-1-0.dll
0x00007ff8545f0000 - 0x00007ff8545f5000 	C:\Program Files\Java\jdk-16.0.1\bin\api-ms-win-crt-math-l1-1-0.dll
0x00007ff8543c0000 - 0x00007ff8543c3000 	C:\Program Files\Java\jdk-16.0.1\bin\api-ms-win-crt-locale-l1-1-0.dll
0x00007ff853150000 - 0x00007ff853153000 	C:\Program Files\Java\jdk-16.0.1\bin\api-ms-win-crt-heap-l1-1-0.dll
0x00007ff86f380000 - 0x00007ff86f425000 	C:\Windows\system32\ADVAPI32.dll
0x00007ff86ada0000 - 0x00007ff86affa000 	C:\Windows\WinSxS\amd64_microsoft.windows.common-controls_6595b64144ccf1df_6.0.9600.17031_none_6242a4b3ecbb55a1\COMCTL32.dll
0x00007ff86eb00000 - 0x00007ff86ec71000 	C:\Windows\system32\USER32.dll
0x00007ff86b210000 - 0x00007ff86b21a000 	C:\Windows\SYSTEM32\VERSION.dll
0x00007ff853140000 - 0x00007ff853143000 	C:\Program Files\Java\jdk-16.0.1\bin\api-ms-win-crt-filesystem-l1-1-0.dll
0x00007ff853130000 - 0x00007ff853134000 	C:\Program Files\Java\jdk-16.0.1\bin\api-ms-win-crt-string-l1-1-0.dll
0x00007ff853120000 - 0x00007ff853124000 	C:\Program Files\Java\jdk-16.0.1\bin\api-ms-win-crt-convert-l1-1-0.dll
0x00007ff86f640000 - 0x00007ff86f6e7000 	C:\Windows\system32\msvcrt.dll
0x00007ff86f440000 - 0x00007ff86f497000 	C:\Windows\SYSTEM32\sechost.dll
0x00007ff86f500000 - 0x00007ff86f637000 	C:\Windows\system32\RPCRT4.dll
0x00007ff86f060000 - 0x00007ff86f1a4000 	C:\Windows\system32\GDI32.dll
0x00007ff844170000 - 0x00007ff84426a000 	C:\Program Files\Java\jdk-16.0.1\bin\ucrtbase.DLL
0x00007ff86f830000 - 0x00007ff86f864000 	C:\Windows\system32\IMM32.DLL
0x00007ff86f6f0000 - 0x00007ff86f829000 	C:\Windows\system32\MSCTF.dll
0x00007ff853110000 - 0x00007ff85311c000 	C:\Program Files\Java\jdk-16.0.1\bin\vcruntime140_1.dll
0x00007ff8420a0000 - 0x00007ff842131000 	C:\Program Files\Java\jdk-16.0.1\bin\msvcp140.dll
0x00007ff853100000 - 0x00007ff853103000 	C:\Program Files\Java\jdk-16.0.1\bin\api-ms-win-crt-time-l1-1-0.dll
0x00007ff8530f0000 - 0x00007ff8530f3000 	C:\Program Files\Java\jdk-16.0.1\bin\api-ms-win-crt-utility-l1-1-0.dll
0x00007ff82d9e0000 - 0x00007ff82e58b000 	C:\Program Files\Java\jdk-16.0.1\bin\server\jvm.dll
0x00007ff863d10000 - 0x00007ff863d19000 	C:\Windows\SYSTEM32\WSOCK32.dll
0x00007ff86b1f0000 - 0x00007ff86b20f000 	C:\Windows\SYSTEM32\WINMM.dll
0x00007ff86d290000 - 0x00007ff86d297000 	C:\Windows\system32\PSAPI.DLL
0x00007ff86e8c0000 - 0x00007ff86e918000 	C:\Windows\system32\WS2_32.dll
0x00007ff869610000 - 0x00007ff86963a000 	C:\Windows\SYSTEM32\WINMMBASE.dll
0x00007ff86f430000 - 0x00007ff86f439000 	C:\Windows\system32\NSI.dll
0x00007ff86cf50000 - 0x00007ff86cf9a000 	C:\Windows\SYSTEM32\cfgmgr32.dll
0x00007ff86bbf0000 - 0x00007ff86bc16000 	C:\Windows\SYSTEM32\DEVOBJ.dll
0x00007ff852f80000 - 0x00007ff852f8a000 	C:\Program Files\Java\jdk-16.0.1\bin\jimage.dll
0x00007ff868e50000 - 0x00007ff868fd8000 	C:\Windows\SYSTEM32\DBGHELP.DLL
0x00007ff852ef0000 - 0x00007ff852efe000 	C:\Program Files\Java\jdk-16.0.1\bin\instrument.dll
0x00007ff844140000 - 0x00007ff844165000 	C:\Program Files\Java\jdk-16.0.1\bin\java.dll
0x00007ff86d2a0000 - 0x00007ff86e6bf000 	C:\Windows\system32\SHELL32.dll
0x00007ff86ee20000 - 0x00007ff86eff6000 	C:\Windows\SYSTEM32\combase.dll
0x00007ff86f1d0000 - 0x00007ff86f221000 	C:\Windows\system32\SHLWAPI.dll
0x00007ff86b900000 - 0x00007ff86b99f000 	C:\Windows\SYSTEM32\SHCORE.dll
0x00007ff86cd70000 - 0x00007ff86cd84000 	C:\Windows\SYSTEM32\profapi.dll
0x00007ff844090000 - 0x00007ff8440a8000 	C:\Program Files\Java\jdk-16.0.1\bin\zip.dll
0x00007ff8440d0000 - 0x00007ff8440e9000 	C:\Program Files\Java\jdk-16.0.1\bin\net.dll
0x00007ff863950000 - 0x00007ff863a15000 	C:\Windows\SYSTEM32\WINHTTP.dll
0x00007ff86c630000 - 0x00007ff86c688000 	C:\Windows\system32\mswsock.dll
0x00007ff8440b0000 - 0x00007ff8440c3000 	C:\Program Files\Java\jdk-16.0.1\bin\nio.dll
0x00007ff844020000 - 0x00007ff84403a000 	C:\Program Files\JetBrains\IntelliJ IDEA Community Edition 2021.1.1\bin\breakgen64.dll
0x00007ff852ae0000 - 0x00007ff852af0000 	C:\Program Files\Java\jdk-16.0.1\bin\verify.dll
0x00007ff8523b0000 - 0x00007ff8523b9000 	C:\Program Files\Java\jdk-16.0.1\bin\management.dll
0x00007ff852370000 - 0x00007ff85237b000 	C:\Program Files\Java\jdk-16.0.1\bin\management_ext.dll
0x00007ff8527a0000 - 0x00007ff8527b4000 	C:\Windows\system32\napinsp.dll
0x00007ff8526c0000 - 0x00007ff8526d9000 	C:\Windows\system32\pnrpnsp.dll
0x00007ff866c00000 - 0x00007ff866c19000 	C:\Windows\system32\NLAapi.dll
0x00007ff86c440000 - 0x00007ff86c4e3000 	C:\Windows\SYSTEM32\DNSAPI.dll
0x00007ff858590000 - 0x00007ff85859c000 	C:\Windows\System32\winrnr.dll
0x00007ff852bc0000 - 0x00007ff852bd3000 	C:\Windows\system32\wshbth.dll
0x00007ff8630e0000 - 0x00007ff8630e9000 	C:\Windows\System32\rasadhlp.dll
0x00007ff866840000 - 0x00007ff866869000 	C:\Windows\SYSTEM32\IPHLPAPI.DLL
0x00007ff866830000 - 0x00007ff86683a000 	C:\Windows\SYSTEM32\WINNSI.DLL
0x00007ff8660b0000 - 0x00007ff866118000 	C:\Windows\System32\fwpuclnt.dll

dbghelp: loaded successfully - version: 4.0.5 - missing functions: none
symbol engine: initialized successfully - sym options: 0x614 - pdb path: .;C:\Program Files\Java\jdk-16.0.1\bin;C:\Windows\SYSTEM32;C:\Windows\WinSxS\amd64_microsoft.windows.common-controls_6595b64144ccf1df_6.0.9600.17031_none_6242a4b3ecbb55a1;C:\Program Files\Java\jdk-16.0.1\bin\server;C:\Program Files\JetBrains\IntelliJ IDEA Community Edition 2021.1.1\bin

VM Arguments:
jvm_args: -javaagent:C:\Program Files\JetBrains\IntelliJ IDEA Community Edition 2021.1.1\lib\idea_rt.jar=60043:C:\Program Files\JetBrains\IntelliJ IDEA Community Edition 2021.1.1\bin -Dfile.encoding=UTF-8 
java_command: com.examportal.OnlineExamPortalApplication
java_class_path (initial): C:\Users\Anil Kumar\Documents\Projects\Group_H_Online_Exam_Portal\target\classes;C:\Users\Anil Kumar\.m2\repository\org\springframework\boot\spring-boot-starter-data-jpa\2.6.4\spring-boot-starter-data-jpa-2.6.4.jar;C:\Users\Anil Kumar\.m2\repository\org\springframework\boot\spring-boot-starter-aop\2.6.4\spring-boot-starter-aop-2.6.4.jar;C:\Users\Anil Kumar\.m2\repository\org\springframework\spring-aop\5.3.16\spring-aop-5.3.16.jar;C:\Users\Anil Kumar\.m2\repository\org\aspectj\aspectjweaver\1.9.7\aspectjweaver-1.9.7.jar;C:\Users\Anil Kumar\.m2\repository\org\springframework\boot\spring-boot-starter-jdbc\2.6.4\spring-boot-starter-jdbc-2.6.4.jar;C:\Users\Anil Kumar\.m2\repository\com\zaxxer\HikariCP\4.0.3\HikariCP-4.0.3.jar;C:\Users\Anil Kumar\.m2\repository\org\springframework\spring-jdbc\5.3.16\spring-jdbc-5.3.16.jar;C:\Users\Anil Kumar\.m2\repository\jakarta\transaction\jakarta.transaction-api\1.3.3\jakarta.transaction-api-1.3.3.jar;C:\Users\Anil Kumar\.m2\repository\jakarta\persistence\jakarta.persistence-api\2.2.3\jakarta.persistence-api-2.2.3.jar;C:\Users\Anil Kumar\.m2\repository\org\hibernate\hibernate-core\5.6.5.Final\hibernate-core-5.6.5.Final.jar;C:\Users\Anil Kumar\.m2\repository\org\jboss\logging\jboss-logging\3.4.3.Final\jboss-logging-3.4.3.Final.jar;C:\Users\Anil Kumar\.m2\repository\net\bytebuddy\byte-buddy\1.11.22\byte-buddy-1.11.22.jar;C:\Users\Anil Kumar\.m2\repository\antlr\antlr\2.7.7\antlr-2.7.7.jar;C:\Users\Anil Kumar\.m2\repository\org\jboss\jandex\2.4.2.Final\jandex-2.4.2.Final.jar;C:\Users\Anil Kumar\.m2\repository\com\fasterxml\classmate\1.5.1\classmate-1.5.1.jar;C:\Users\Anil Kumar\.m2\repository\org\hibernate\common\hibernate-commons-annotations\5.1.2.Final\hibernate-commons-annotations-5.1.2.Final.jar;C:\Users\Anil Kumar\.m2\repository\org\glassfish\jaxb\jaxb-runtime\2.3.6\jaxb-runtime-2.3.6.jar;C:\Users\Anil Kumar\.m2\repository\org\glassfish\jaxb\txw2\2.3.6\txw2-2.3.6.jar;C:\Users\Anil Kumar\.m2\repository\co
Launcher Type: SUN_STANDARD

[Global flags]
     intx CICompilerCount                          = 4                                         {product} {ergonomic}
     uint ConcGCThreads                            = 2                                         {product} {ergonomic}
     uint G1ConcRefinementThreads                  = 8                                         {product} {ergonomic}
   size_t G1HeapRegionSize                         = 1048576                                   {product} {ergonomic}
    uintx GCDrainStackTargetSize                   = 64                                        {product} {ergonomic}
   size_t InitialHeapSize                          = 134217728                                 {product} {ergonomic}
   size_t MarkStackSize                            = 4194304                                   {product} {ergonomic}
   size_t MaxHeapSize                              = 2120220672                                {product} {ergonomic}
   size_t MaxNewSize                               = 1271922688                                {product} {ergonomic}
   size_t MinHeapDeltaBytes                        = 1048576                                   {product} {ergonomic}
   size_t MinHeapSize                              = 8388608                                   {product} {ergonomic}
    uintx NonNMethodCodeHeapSize                   = 5839372                                {pd product} {ergonomic}
    uintx NonProfiledCodeHeapSize                  = 122909434                              {pd product} {ergonomic}
    uintx ProfiledCodeHeapSize                     = 122909434                              {pd product} {ergonomic}
    uintx ReservedCodeCacheSize                    = 251658240                              {pd product} {ergonomic}
     bool SegmentedCodeCache                       = true                                      {product} {ergonomic}
   size_t SoftMaxHeapSize                          = 2120220672                             {manageable} {ergonomic}
     bool UseCompressedClassPointers               = true                           {product lp64_product} {ergonomic}
     bool UseCompressedOops                        = true                           {product lp64_product} {ergonomic}
     bool UseG1GC                                  = true                                      {product} {ergonomic}
     bool UseLargePagesIndividualAllocation        = false                                  {pd product} {ergonomic}

Logging:
Log output configuration:
 #0: stdout all=warning uptime,level,tags
 #1: stderr all=off uptime,level,tags

Environment Variables:
JAVA_HOME=C:\Program Files\Java\jdk-16.0.1
PATH=C:\Program Files\Common Files\Oracle\Java\javapath;C:\Program Files (x86)\Common Files\Oracle\Java\javapath;C:\Python39\Scripts\;C:\Python39\;C:\Program Files (x86)\Intel\iCLS Client\;C:\Program Files\Intel\iCLS Client\;C:\Windows\system32;C:\Windows;C:\Windows\System32\Wbem;C:\Windows\System32\WindowsPowerShell\v1.0\;C:\Program Files\Intel\Intel(R) Management Engine Components\DAL;C:\Program Files (x86)\Intel\Intel(R) Management Engine Components\DAL;C:\Program Files\Intel\Intel(R) Management Engine Components\IPT;C:\Program Files (x86)\Intel\Intel(R) Management Engine Components\IPT;C:\Program Files (x86)\NVIDIA Corporation\PhysX\Common;C:\Program Files\nodejs\;C:\ProgramData\chocolatey\bin;C:\Program Files\Intel\WiFi\bin\;C:\Program Files\Common Files\Intel\WirelessCommon\;C:\Program Files\Git\cmd;C:\Program Files\OpenBabel-3.1.1;;C:\Users\Anil Kumar\AppData\Local\Programs\Microsoft VS Code\bin;C:\Users\Anil Kumar\AppData\Roaming\npm;C:\Program Files\Java\apache-maven-3.8.1\bin;;C:\Program Files\JetBrains\IntelliJ IDEA Community Edition 2021.1.1\bin;;C:\Program Files\Intel\WiFi\bin\;C:\Program Files\Common Files\Intel\WirelessCommon\;C:\adb
USERNAME=Anil Kumar
OS=Windows_NT
PROCESSOR_IDENTIFIER=Intel64 Family 6 Model 60 Stepping 3, GenuineIntel



---------------  S Y S T E M  ---------------

OS:
 Windows 8.1 , 64 bit Build 9600 (6.3.9600.17056)
OS uptime: 2 days 20:01 hours

CPU: total 8 (initial active 8) (4 cores per cpu, 2 threads per core) family 6 model 60 stepping 3 microcode 0x1c, cx8, cmov, fxsr, ht, mmx, sse, sse2, sse3, ssse3, sse4.1, sse4.2, popcnt, lzcnt, tsc, tscinvbit, avx, avx2, aes, erms, clmul, bmi1, bmi2, fma, vzeroupper, clflush

Memory: 4k page, system-wide physical 8080M (1203M free)
TotalPageFile size 12660M (AvailPageFile size 21M)
current process WorkingSet (physical memory assigned to process): 314M, peak: 314M
current process commit charge ("private bytes"): 406M, peak: 407M

vm_info: Java HotSpot(TM) 64-Bit Server VM (16.0.1+9-24) for windows-amd64 JRE (16.0.1+9-24), built on Mar 26 2021 19:31:42 by "mach5one" with MS VC++ 16.7 (VS2019)

END.
